---------------------------------------------------------------
[ 2019-09-06T14:23:38+08:00 ] 127.0.0.1 GET fastadmin.test/index.php/admin/index/index
[ sql ] [ DB ] CONNECT:[ UseTime:0.001024s ] mysql:host=127.0.0.1;dbname=fastadmin;charset=utf8
[ sql ] [ SQL ] SHOW COLUMNS FROM `fa_auth_group_access` [ RunTime:0.001716s ]
[ sql ] [ SQL ] SELECT `aga`.`uid`,`aga`.`group_id`,`ag`.`id`,`ag`.`pid`,`ag`.`name`,`ag`.`rules` FROM `fa_auth_group_access` `aga` LEFT JOIN `fa_auth_group` `ag` ON `aga`.`group_id`=`ag`.`id` WHERE  (  aga.uid='1' and ag.status='normal' ) [ RunTime:0.001351s ]
[ sql ] [ SQL ] SHOW COLUMNS FROM `fa_auth_rule` [ RunTime:0.000956s ]
[ sql ] [ SQL ] SELECT `id`,`pid`,`condition`,`icon`,`name`,`title`,`ismenu` FROM `fa_auth_rule` WHERE  `status` = 'normal' [ RunTime:0.000773s ]
[ sql ] [ SQL ] SELECT * FROM `fa_auth_rule` WHERE  `status` = 'normal'  AND `ismenu` = 1 ORDER BY `weigh` DESC [ RunTime:0.000698s ]
[ sql ] [ SQL ] SELECT `name`,`pid` FROM `fa_auth_rule` WHERE  `status` = 'normal'  AND `ismenu` = 0  AND `name` LIKE '%/index' [ RunTime:0.000542s ]
---------------------------------------------------------------
[ 2019-09-06T14:23:38+08:00 ] 127.0.0.1 GET fastadmin.test/index.php/admin/dashboard?addtabs=1
[ sql ] [ DB ] CONNECT:[ UseTime:0.000794s ] mysql:host=127.0.0.1;dbname=fastadmin;charset=utf8
[ sql ] [ SQL ] SHOW COLUMNS FROM `fa_auth_group_access` [ RunTime:0.001208s ]
[ sql ] [ SQL ] SELECT `aga`.`uid`,`aga`.`group_id`,`ag`.`id`,`ag`.`pid`,`ag`.`name`,`ag`.`rules` FROM `fa_auth_group_access` `aga` LEFT JOIN `fa_auth_group` `ag` ON `aga`.`group_id`=`ag`.`id` WHERE  (  aga.uid='1' and ag.status='normal' ) [ RunTime:0.026036s ]
[ sql ] [ SQL ] SHOW COLUMNS FROM `fa_auth_rule` [ RunTime:0.000764s ]
[ sql ] [ SQL ] SELECT `id`,`pid`,`condition`,`icon`,`name`,`title`,`ismenu` FROM `fa_auth_rule` WHERE  `status` = 'normal' [ RunTime:0.000694s ]
[ sql ] [ SQL ] SELECT `title`,`remark` FROM `fa_auth_rule` WHERE  `name` = 'dashboard' LIMIT 1 [ RunTime:0.000415s ]
---------------------------------------------------------------
[ 2019-09-06T14:23:49+08:00 ] 127.0.0.1 POST fastadmin.test/index.php/admin/addon/install
[ sql ] [ DB ] CONNECT:[ UseTime:0.000656s ] mysql:host=127.0.0.1;dbname=fastadmin;charset=utf8
[ sql ] [ SQL ] SHOW COLUMNS FROM `fa_auth_group_access` [ RunTime:0.000950s ]
[ sql ] [ SQL ] SELECT `aga`.`uid`,`aga`.`group_id`,`ag`.`id`,`ag`.`pid`,`ag`.`name`,`ag`.`rules` FROM `fa_auth_group_access` `aga` LEFT JOIN `fa_auth_group` `ag` ON `aga`.`group_id`=`ag`.`id` WHERE  (  aga.uid='1' and ag.status='normal' ) [ RunTime:0.000705s ]
[ sql ] [ SQL ] SHOW COLUMNS FROM `fa_auth_rule` [ RunTime:0.000830s ]
[ sql ] [ SQL ] SELECT `id`,`pid`,`condition`,`icon`,`name`,`title`,`ismenu` FROM `fa_auth_rule` WHERE  `status` = 'normal' [ RunTime:0.000798s ]
[ sql ] [ SQL ] INSERT INTO `fa_auth_rule` (`name` , `title` , `icon` , `ismenu` , `pid` , `status` , `createtime` , `updatetime`) VALUES ('example' , '开发示例管理' , 'fa fa-magic' , 1 , 0 , 'normal' , 1567751028 , 1567751028) [ RunTime:0.000923s ]
[ sql ] [ SQL ] INSERT INTO `fa_auth_rule` (`name` , `title` , `icon` , `ismenu` , `pid` , `status` , `createtime` , `updatetime`) VALUES ('example/bootstraptable' , '表格完整示例' , 'fa fa-table' , 1 , 85 , 'normal' , 1567751028 , 1567751028) [ RunTime:0.000631s ]
[ sql ] [ SQL ] INSERT INTO `fa_auth_rule` (`name` , `title` , `ismenu` , `icon` , `pid` , `status` , `createtime` , `updatetime`) VALUES ('example/bootstraptable/index' , '查看' , 0 , 'fa fa-circle-o' , 86 , 'normal' , 1567751028 , 1567751028) [ RunTime:0.000573s ]
[ sql ] [ SQL ] INSERT INTO `fa_auth_rule` (`name` , `title` , `ismenu` , `icon` , `pid` , `status` , `createtime` , `updatetime`) VALUES ('example/bootstraptable/detail' , '详情' , 0 , 'fa fa-circle-o' , 86 , 'normal' , 1567751028 , 1567751028) [ RunTime:0.000514s ]
[ sql ] [ SQL ] INSERT INTO `fa_auth_rule` (`name` , `title` , `ismenu` , `icon` , `pid` , `status` , `createtime` , `updatetime`) VALUES ('example/bootstraptable/change' , '变更' , 0 , 'fa fa-circle-o' , 86 , 'normal' , 1567751028 , 1567751028) [ RunTime:0.000517s ]
[ sql ] [ SQL ] INSERT INTO `fa_auth_rule` (`name` , `title` , `ismenu` , `icon` , `pid` , `status` , `createtime` , `updatetime`) VALUES ('example/bootstraptable/del' , '删除' , 0 , 'fa fa-circle-o' , 86 , 'normal' , 1567751028 , 1567751028) [ RunTime:0.000635s ]
[ sql ] [ SQL ] INSERT INTO `fa_auth_rule` (`name` , `title` , `ismenu` , `icon` , `pid` , `status` , `createtime` , `updatetime`) VALUES ('example/bootstraptable/multi' , '批量更新' , 0 , 'fa fa-circle-o' , 86 , 'normal' , 1567751028 , 1567751028) [ RunTime:0.000540s ]
[ sql ] [ SQL ] INSERT INTO `fa_auth_rule` (`name` , `title` , `icon` , `ismenu` , `pid` , `status` , `createtime` , `updatetime`) VALUES ('example/customsearch' , '自定义搜索' , 'fa fa-table' , 1 , 85 , 'normal' , 1567751028 , 1567751028) [ RunTime:0.000539s ]
[ sql ] [ SQL ] INSERT INTO `fa_auth_rule` (`name` , `title` , `ismenu` , `icon` , `pid` , `status` , `createtime` , `updatetime`) VALUES ('example/customsearch/index' , '查看' , 0 , 'fa fa-circle-o' , 92 , 'normal' , 1567751028 , 1567751028) [ RunTime:0.000532s ]
[ sql ] [ SQL ] INSERT INTO `fa_auth_rule` (`name` , `title` , `ismenu` , `icon` , `pid` , `status` , `createtime` , `updatetime`) VALUES ('example/customsearch/del' , '删除' , 0 , 'fa fa-circle-o' , 92 , 'normal' , 1567751028 , 1567751028) [ RunTime:0.000631s ]
[ sql ] [ SQL ] INSERT INTO `fa_auth_rule` (`name` , `title` , `ismenu` , `icon` , `pid` , `status` , `createtime` , `updatetime`) VALUES ('example/customsearch/multi' , '批量更新' , 0 , 'fa fa-circle-o' , 92 , 'normal' , 1567751028 , 1567751028) [ RunTime:0.000791s ]
[ sql ] [ SQL ] INSERT INTO `fa_auth_rule` (`name` , `title` , `icon` , `ismenu` , `pid` , `status` , `createtime` , `updatetime`) VALUES ('example/customform' , '自定义表单示例' , 'fa fa-edit' , 1 , 85 , 'normal' , 1567751028 , 1567751028) [ RunTime:0.000667s ]
[ sql ] [ SQL ] INSERT INTO `fa_auth_rule` (`name` , `title` , `ismenu` , `icon` , `pid` , `status` , `createtime` , `updatetime`) VALUES ('example/customform/index' , '查看' , 0 , 'fa fa-circle-o' , 96 , 'normal' , 1567751028 , 1567751028) [ RunTime:0.000587s ]
[ sql ] [ SQL ] INSERT INTO `fa_auth_rule` (`name` , `title` , `icon` , `ismenu` , `pid` , `status` , `createtime` , `updatetime`) VALUES ('example/tablelink' , '表格联动示例' , 'fa fa-table' , 1 , 85 , 'normal' , 1567751028 , 1567751028) [ RunTime:0.000632s ]
[ sql ] [ SQL ] INSERT INTO `fa_auth_rule` (`name` , `title` , `ismenu` , `icon` , `pid` , `status` , `createtime` , `updatetime`) VALUES ('example/tablelink/index' , '查看' , 0 , 'fa fa-circle-o' , 98 , 'normal' , 1567751028 , 1567751028) [ RunTime:0.025501s ]
[ sql ] [ SQL ] INSERT INTO `fa_auth_rule` (`name` , `title` , `icon` , `ismenu` , `pid` , `status` , `createtime` , `updatetime`) VALUES ('example/colorbadge' , '彩色角标' , 'fa fa-table' , 1 , 85 , 'normal' , 1567751029 , 1567751029) [ RunTime:0.001401s ]
[ sql ] [ SQL ] INSERT INTO `fa_auth_rule` (`name` , `title` , `ismenu` , `icon` , `pid` , `status` , `createtime` , `updatetime`) VALUES ('example/colorbadge/index' , '查看' , 0 , 'fa fa-circle-o' , 100 , 'normal' , 1567751029 , 1567751029) [ RunTime:0.001238s ]
[ sql ] [ SQL ] INSERT INTO `fa_auth_rule` (`name` , `title` , `ismenu` , `icon` , `pid` , `status` , `createtime` , `updatetime`) VALUES ('example/colorbadge/del' , '删除' , 0 , 'fa fa-circle-o' , 100 , 'normal' , 1567751029 , 1567751029) [ RunTime:0.001133s ]
[ sql ] [ SQL ] INSERT INTO `fa_auth_rule` (`name` , `title` , `ismenu` , `icon` , `pid` , `status` , `createtime` , `updatetime`) VALUES ('example/colorbadge/multi' , '批量更新' , 0 , 'fa fa-circle-o' , 100 , 'normal' , 1567751029 , 1567751029) [ RunTime:0.001189s ]
[ sql ] [ SQL ] INSERT INTO `fa_auth_rule` (`name` , `title` , `icon` , `ismenu` , `pid` , `status` , `createtime` , `updatetime`) VALUES ('example/controllerjump' , '控制器间跳转' , 'fa fa-table' , 1 , 85 , 'normal' , 1567751029 , 1567751029) [ RunTime:0.001147s ]
[ sql ] [ SQL ] INSERT INTO `fa_auth_rule` (`name` , `title` , `ismenu` , `icon` , `pid` , `status` , `createtime` , `updatetime`) VALUES ('example/controllerjump/index' , '查看' , 0 , 'fa fa-circle-o' , 104 , 'normal' , 1567751029 , 1567751029) [ RunTime:0.001373s ]
[ sql ] [ SQL ] INSERT INTO `fa_auth_rule` (`name` , `title` , `ismenu` , `icon` , `pid` , `status` , `createtime` , `updatetime`) VALUES ('example/controllerjump/del' , '删除' , 0 , 'fa fa-circle-o' , 104 , 'normal' , 1567751029 , 1567751029) [ RunTime:0.001536s ]
[ sql ] [ SQL ] INSERT INTO `fa_auth_rule` (`name` , `title` , `ismenu` , `icon` , `pid` , `status` , `createtime` , `updatetime`) VALUES ('example/controllerjump/multi' , '批量更新' , 0 , 'fa fa-circle-o' , 104 , 'normal' , 1567751029 , 1567751029) [ RunTime:0.000791s ]
[ sql ] [ SQL ] INSERT INTO `fa_auth_rule` (`name` , `title` , `icon` , `ismenu` , `pid` , `status` , `createtime` , `updatetime`) VALUES ('example/cxselect' , '多级联动' , 'fa fa-table' , 1 , 85 , 'normal' , 1567751029 , 1567751029) [ RunTime:0.000594s ]
[ sql ] [ SQL ] INSERT INTO `fa_auth_rule` (`name` , `title` , `ismenu` , `icon` , `pid` , `status` , `createtime` , `updatetime`) VALUES ('example/cxselect/index' , '查看' , 0 , 'fa fa-circle-o' , 108 , 'normal' , 1567751029 , 1567751029) [ RunTime:0.000602s ]
[ sql ] [ SQL ] INSERT INTO `fa_auth_rule` (`name` , `title` , `ismenu` , `icon` , `pid` , `status` , `createtime` , `updatetime`) VALUES ('example/cxselect/del' , '删除' , 0 , 'fa fa-circle-o' , 108 , 'normal' , 1567751029 , 1567751029) [ RunTime:0.000576s ]
[ sql ] [ SQL ] INSERT INTO `fa_auth_rule` (`name` , `title` , `ismenu` , `icon` , `pid` , `status` , `createtime` , `updatetime`) VALUES ('example/cxselect/multi' , '批量更新' , 0 , 'fa fa-circle-o' , 108 , 'normal' , 1567751029 , 1567751029) [ RunTime:0.000543s ]
[ sql ] [ SQL ] INSERT INTO `fa_auth_rule` (`name` , `title` , `icon` , `ismenu` , `pid` , `status` , `createtime` , `updatetime`) VALUES ('example/multitable' , '多表格示例' , 'fa fa-table' , 1 , 85 , 'normal' , 1567751029 , 1567751029) [ RunTime:0.000546s ]
[ sql ] [ SQL ] INSERT INTO `fa_auth_rule` (`name` , `title` , `ismenu` , `icon` , `pid` , `status` , `createtime` , `updatetime`) VALUES ('example/multitable/index' , '查看' , 0 , 'fa fa-circle-o' , 112 , 'normal' , 1567751029 , 1567751029) [ RunTime:0.000653s ]
[ sql ] [ SQL ] INSERT INTO `fa_auth_rule` (`name` , `title` , `ismenu` , `icon` , `pid` , `status` , `createtime` , `updatetime`) VALUES ('example/multitable/del' , '删除' , 0 , 'fa fa-circle-o' , 112 , 'normal' , 1567751029 , 1567751029) [ RunTime:0.000535s ]
[ sql ] [ SQL ] INSERT INTO `fa_auth_rule` (`name` , `title` , `ismenu` , `icon` , `pid` , `status` , `createtime` , `updatetime`) VALUES ('example/multitable/multi' , '批量更新' , 0 , 'fa fa-circle-o' , 112 , 'normal' , 1567751029 , 1567751029) [ RunTime:0.000516s ]
[ sql ] [ SQL ] INSERT INTO `fa_auth_rule` (`name` , `title` , `icon` , `ismenu` , `pid` , `status` , `createtime` , `updatetime`) VALUES ('example/relationmodel' , '关联模型示例' , 'fa fa-table' , 1 , 85 , 'normal' , 1567751029 , 1567751029) [ RunTime:0.000543s ]
[ sql ] [ SQL ] INSERT INTO `fa_auth_rule` (`name` , `title` , `ismenu` , `icon` , `pid` , `status` , `createtime` , `updatetime`) VALUES ('example/relationmodel/index' , '查看' , 0 , 'fa fa-circle-o' , 116 , 'normal' , 1567751029 , 1567751029) [ RunTime:0.000676s ]
[ sql ] [ SQL ] INSERT INTO `fa_auth_rule` (`name` , `title` , `ismenu` , `icon` , `pid` , `status` , `createtime` , `updatetime`) VALUES ('example/relationmodel/del' , '删除' , 0 , 'fa fa-circle-o' , 116 , 'normal' , 1567751029 , 1567751029) [ RunTime:0.000625s ]
[ sql ] [ SQL ] INSERT INTO `fa_auth_rule` (`name` , `title` , `ismenu` , `icon` , `pid` , `status` , `createtime` , `updatetime`) VALUES ('example/relationmodel/multi' , '批量更新' , 0 , 'fa fa-circle-o' , 116 , 'normal' , 1567751029 , 1567751029) [ RunTime:0.000600s ]
[ sql ] [ SQL ] INSERT INTO `fa_auth_rule` (`name` , `title` , `icon` , `ismenu` , `pid` , `status` , `createtime` , `updatetime`) VALUES ('example/tabletemplate' , '表格模板示例' , 'fa fa-table' , 1 , 85 , 'normal' , 1567751029 , 1567751029) [ RunTime:0.000761s ]
[ sql ] [ SQL ] INSERT INTO `fa_auth_rule` (`name` , `title` , `ismenu` , `icon` , `pid` , `status` , `createtime` , `updatetime`) VALUES ('example/tabletemplate/index' , '查看' , 0 , 'fa fa-circle-o' , 120 , 'normal' , 1567751029 , 1567751029) [ RunTime:0.000608s ]
[ sql ] [ SQL ] INSERT INTO `fa_auth_rule` (`name` , `title` , `ismenu` , `icon` , `pid` , `status` , `createtime` , `updatetime`) VALUES ('example/tabletemplate/detail' , '详情' , 0 , 'fa fa-circle-o' , 120 , 'normal' , 1567751029 , 1567751029) [ RunTime:0.001402s ]
[ sql ] [ SQL ] INSERT INTO `fa_auth_rule` (`name` , `title` , `ismenu` , `icon` , `pid` , `status` , `createtime` , `updatetime`) VALUES ('example/tabletemplate/del' , '删除' , 0 , 'fa fa-circle-o' , 120 , 'normal' , 1567751029 , 1567751029) [ RunTime:0.001037s ]
[ sql ] [ SQL ] INSERT INTO `fa_auth_rule` (`name` , `title` , `ismenu` , `icon` , `pid` , `status` , `createtime` , `updatetime`) VALUES ('example/tabletemplate/multi' , '批量更新' , 0 , 'fa fa-circle-o' , 120 , 'normal' , 1567751029 , 1567751029) [ RunTime:0.000950s ]
[ sql ] [ SQL ] INSERT INTO `fa_auth_rule` (`name` , `title` , `icon` , `ismenu` , `pid` , `status` , `createtime` , `updatetime`) VALUES ('example/baidumap' , '百度地图示例' , 'fa fa-map-pin' , 1 , 85 , 'normal' , 1567751029 , 1567751029) [ RunTime:0.000941s ]
[ sql ] [ SQL ] INSERT INTO `fa_auth_rule` (`name` , `title` , `ismenu` , `icon` , `pid` , `status` , `createtime` , `updatetime`) VALUES ('example/baidumap/index' , '查看' , 0 , 'fa fa-circle-o' , 125 , 'normal' , 1567751029 , 1567751029) [ RunTime:0.000949s ]
[ sql ] [ SQL ] INSERT INTO `fa_auth_rule` (`name` , `title` , `ismenu` , `icon` , `pid` , `status` , `createtime` , `updatetime`) VALUES ('example/baidumap/map' , '详情' , 0 , 'fa fa-circle-o' , 125 , 'normal' , 1567751029 , 1567751029) [ RunTime:0.000718s ]
[ sql ] [ SQL ] INSERT INTO `fa_auth_rule` (`name` , `title` , `ismenu` , `icon` , `pid` , `status` , `createtime` , `updatetime`) VALUES ('example/baidumap/del' , '删除' , 0 , 'fa fa-circle-o' , 125 , 'normal' , 1567751029 , 1567751029) [ RunTime:0.000665s ]
[ sql ] [ SQL ] SHOW COLUMNS FROM `fa_admin_log` [ RunTime:0.001830s ]
[ sql ] [ SQL ] INSERT INTO `fa_admin_log` (`title` , `content` , `url` , `admin_id` , `username` , `useragent` , `ip` , `createtime`) VALUES ('插件管理 安装' , '{\"name\":\"example\",\"faversion\":\"1.0.0.20190705_beta\"}' , '/index.php/admin/addon/install' , 1 , 'admin' , 'Mozilla/5.0 (Macintosh; Intel Mac OS X 10_14_6) AppleWebKit/537.36 (KHTML, like Gecko) Chrome/76.0.3809.100 Safari/537.36' , '127.0.0.1' , 1567751029) [ RunTime:0.001061s ]
---------------------------------------------------------------
[ 2019-09-06T14:23:49+08:00 ] 127.0.0.1 POST fastadmin.test/index.php/admin/addon/install
[ sql ] [ DB ] CONNECT:[ UseTime:0.000693s ] mysql:host=127.0.0.1;dbname=fastadmin;charset=utf8
[ sql ] [ SQL ] SHOW COLUMNS FROM `fa_auth_group_access` [ RunTime:0.028878s ]
[ sql ] [ SQL ] SELECT `aga`.`uid`,`aga`.`group_id`,`ag`.`id`,`ag`.`pid`,`ag`.`name`,`ag`.`rules` FROM `fa_auth_group_access` `aga` LEFT JOIN `fa_auth_group` `ag` ON `aga`.`group_id`=`ag`.`id` WHERE  (  aga.uid='1' and ag.status='normal' ) [ RunTime:0.001645s ]
[ sql ] [ SQL ] SHOW COLUMNS FROM `fa_auth_rule` [ RunTime:0.000967s ]
[ sql ] [ SQL ] SELECT `id`,`pid`,`condition`,`icon`,`name`,`title`,`ismenu` FROM `fa_auth_rule` WHERE  `status` = 'normal' [ RunTime:0.001950s ]
[ sql ] [ SQL ] SHOW COLUMNS FROM `fa_admin_log` [ RunTime:0.000967s ]
[ sql ] [ SQL ] INSERT INTO `fa_admin_log` (`title` , `content` , `url` , `admin_id` , `username` , `useragent` , `ip` , `createtime`) VALUES ('插件管理 安装' , '{\"name\":\"summernote\",\"faversion\":\"1.0.0.20190705_beta\"}' , '/index.php/admin/addon/install' , 1 , 'admin' , 'Mozilla/5.0 (Macintosh; Intel Mac OS X 10_14_6) AppleWebKit/537.36 (KHTML, like Gecko) Chrome/76.0.3809.100 Safari/537.36' , '127.0.0.1' , 1567751029) [ RunTime:0.000670s ]
---------------------------------------------------------------
[ 2019-09-06T14:23:50+08:00 ] 127.0.0.1 POST fastadmin.test/index.php/admin/addon/install
[ sql ] [ DB ] CONNECT:[ UseTime:0.003098s ] mysql:host=127.0.0.1;dbname=fastadmin;charset=utf8
[ sql ] [ SQL ] SHOW COLUMNS FROM `fa_auth_group_access` [ RunTime:0.025693s ]
[ sql ] [ SQL ] SELECT `aga`.`uid`,`aga`.`group_id`,`ag`.`id`,`ag`.`pid`,`ag`.`name`,`ag`.`rules` FROM `fa_auth_group_access` `aga` LEFT JOIN `fa_auth_group` `ag` ON `aga`.`group_id`=`ag`.`id` WHERE  (  aga.uid='1' and ag.status='normal' ) [ RunTime:0.000985s ]
[ sql ] [ SQL ] SHOW COLUMNS FROM `fa_auth_rule` [ RunTime:0.001139s ]
[ sql ] [ SQL ] SELECT `id`,`pid`,`condition`,`icon`,`name`,`title`,`ismenu` FROM `fa_auth_rule` WHERE  `status` = 'normal' [ RunTime:0.001372s ]
[ sql ] [ SQL ] SELECT * FROM `fa_auth_rule` WHERE  `name` = 'general' LIMIT 1 [ RunTime:0.000856s ]
[ sql ] [ SQL ] INSERT INTO `fa_auth_rule` (`name` , `title` , `icon` , `remark` , `ismenu` , `pid` , `status` , `createtime` , `updatetime`) VALUES ('general/database' , '数据库管理' , 'fa fa-database' , '可在线进行一些简单的数据库表优化或修复,查看表结构和数据。也可以进行SQL语句的操作' , 1 , 2 , 'normal' , 1567751030 , 1567751030) [ RunTime:0.000738s ]
[ sql ] [ SQL ] INSERT INTO `fa_auth_rule` (`name` , `title` , `ismenu` , `icon` , `pid` , `status` , `createtime` , `updatetime`) VALUES ('general/database/index' , '查看' , 0 , 'fa fa-circle-o' , 129 , 'normal' , 1567751030 , 1567751030) [ RunTime:0.026566s ]
[ sql ] [ SQL ] INSERT INTO `fa_auth_rule` (`name` , `title` , `ismenu` , `icon` , `pid` , `status` , `createtime` , `updatetime`) VALUES ('general/database/query' , '查询' , 0 , 'fa fa-circle-o' , 129 , 'normal' , 1567751030 , 1567751030) [ RunTime:0.001613s ]
[ sql ] [ SQL ] INSERT INTO `fa_auth_rule` (`name` , `title` , `ismenu` , `icon` , `pid` , `status` , `createtime` , `updatetime`) VALUES ('general/database/backup' , '备份' , 0 , 'fa fa-circle-o' , 129 , 'normal' , 1567751030 , 1567751030) [ RunTime:0.000741s ]
[ sql ] [ SQL ] INSERT INTO `fa_auth_rule` (`name` , `title` , `ismenu` , `icon` , `pid` , `status` , `createtime` , `updatetime`) VALUES ('general/database/restore' , '恢复' , 0 , 'fa fa-circle-o' , 129 , 'normal' , 1567751030 , 1567751030) [ RunTime:0.000698s ]
[ sql ] [ SQL ] SHOW COLUMNS FROM `fa_admin_log` [ RunTime:0.002273s ]
[ sql ] [ SQL ] INSERT INTO `fa_admin_log` (`title` , `content` , `url` , `admin_id` , `username` , `useragent` , `ip` , `createtime`) VALUES ('插件管理 安装' , '{\"name\":\"database\",\"faversion\":\"1.0.0.20190705_beta\"}' , '/index.php/admin/addon/install' , 1 , 'admin' , 'Mozilla/5.0 (Macintosh; Intel Mac OS X 10_14_6) AppleWebKit/537.36 (KHTML, like Gecko) Chrome/76.0.3809.100 Safari/537.36' , '127.0.0.1' , 1567751030) [ RunTime:0.001228s ]
---------------------------------------------------------------
[ 2019-09-06T14:23:50+08:00 ] 127.0.0.1 POST fastadmin.test/index.php/admin/addon/install
[ sql ] [ DB ] CONNECT:[ UseTime:0.004759s ] mysql:host=127.0.0.1;dbname=fastadmin;charset=utf8
[ sql ] [ SQL ] SHOW COLUMNS FROM `fa_auth_group_access` [ RunTime:0.001043s ]
[ sql ] [ SQL ] SELECT `aga`.`uid`,`aga`.`group_id`,`ag`.`id`,`ag`.`pid`,`ag`.`name`,`ag`.`rules` FROM `fa_auth_group_access` `aga` LEFT JOIN `fa_auth_group` `ag` ON `aga`.`group_id`=`ag`.`id` WHERE  (  aga.uid='1' and ag.status='normal' ) [ RunTime:0.000758s ]
[ sql ] [ SQL ] SHOW COLUMNS FROM `fa_auth_rule` [ RunTime:0.001049s ]
[ sql ] [ SQL ] SELECT `id`,`pid`,`condition`,`icon`,`name`,`title`,`ismenu` FROM `fa_auth_rule` WHERE  `status` = 'normal' [ RunTime:0.026361s ]
[ sql ] [ SQL ] INSERT INTO `fa_auth_rule` (`name` , `title` , `icon` , `ismenu` , `pid` , `status` , `createtime` , `updatetime`) VALUES ('wechat' , '微信管理' , 'fa fa-wechat' , 1 , 0 , 'normal' , 1567751030 , 1567751030) [ RunTime:0.000797s ]
[ sql ] [ SQL ] INSERT INTO `fa_auth_rule` (`name` , `title` , `icon` , `ismenu` , `pid` , `status` , `createtime` , `updatetime`) VALUES ('wechat/autoreply' , '自动回复管理' , 'fa fa-reply-all' , 1 , 134 , 'normal' , 1567751030 , 1567751030) [ RunTime:0.000804s ]
[ sql ] [ SQL ] INSERT INTO `fa_auth_rule` (`name` , `title` , `ismenu` , `icon` , `pid` , `status` , `createtime` , `updatetime`) VALUES ('wechat/autoreply/index' , '查看' , 0 , 'fa fa-circle-o' , 135 , 'normal' , 1567751030 , 1567751030) [ RunTime:0.000583s ]
[ sql ] [ SQL ] INSERT INTO `fa_auth_rule` (`name` , `title` , `ismenu` , `icon` , `pid` , `status` , `createtime` , `updatetime`) VALUES ('wechat/autoreply/add' , '添加' , 0 , 'fa fa-circle-o' , 135 , 'normal' , 1567751030 , 1567751030) [ RunTime:0.001057s ]
[ sql ] [ SQL ] INSERT INTO `fa_auth_rule` (`name` , `title` , `ismenu` , `icon` , `pid` , `status` , `createtime` , `updatetime`) VALUES ('wechat/autoreply/edit' , '修改' , 0 , 'fa fa-circle-o' , 135 , 'normal' , 1567751030 , 1567751030) [ RunTime:0.025638s ]
[ sql ] [ SQL ] INSERT INTO `fa_auth_rule` (`name` , `title` , `ismenu` , `icon` , `pid` , `status` , `createtime` , `updatetime`) VALUES ('wechat/autoreply/del' , '删除' , 0 , 'fa fa-circle-o' , 135 , 'normal' , 1567751030 , 1567751030) [ RunTime:0.001513s ]
[ sql ] [ SQL ] INSERT INTO `fa_auth_rule` (`name` , `title` , `ismenu` , `icon` , `pid` , `status` , `createtime` , `updatetime`) VALUES ('wechat/autoreply/multi' , '批量更新' , 0 , 'fa fa-circle-o' , 135 , 'normal' , 1567751030 , 1567751030) [ RunTime:0.001235s ]
[ sql ] [ SQL ] INSERT INTO `fa_auth_rule` (`name` , `title` , `icon` , `ismenu` , `pid` , `status` , `createtime` , `updatetime`) VALUES ('wechat/config' , '配置管理' , 'fa fa-cog' , 1 , 134 , 'normal' , 1567751030 , 1567751030) [ RunTime:0.001288s ]
[ sql ] [ SQL ] INSERT INTO `fa_auth_rule` (`name` , `title` , `ismenu` , `icon` , `pid` , `status` , `createtime` , `updatetime`) VALUES ('wechat/config/index' , '查看' , 0 , 'fa fa-circle-o' , 141 , 'normal' , 1567751030 , 1567751030) [ RunTime:0.001279s ]
[ sql ] [ SQL ] INSERT INTO `fa_auth_rule` (`name` , `title` , `ismenu` , `icon` , `pid` , `status` , `createtime` , `updatetime`) VALUES ('wechat/config/add' , '添加' , 0 , 'fa fa-circle-o' , 141 , 'normal' , 1567751030 , 1567751030) [ RunTime:0.001189s ]
[ sql ] [ SQL ] INSERT INTO `fa_auth_rule` (`name` , `title` , `ismenu` , `icon` , `pid` , `status` , `createtime` , `updatetime`) VALUES ('wechat/config/edit' , '修改' , 0 , 'fa fa-circle-o' , 141 , 'normal' , 1567751030 , 1567751030) [ RunTime:0.001477s ]
[ sql ] [ SQL ] INSERT INTO `fa_auth_rule` (`name` , `title` , `ismenu` , `icon` , `pid` , `status` , `createtime` , `updatetime`) VALUES ('wechat/config/del' , '删除' , 0 , 'fa fa-circle-o' , 141 , 'normal' , 1567751030 , 1567751030) [ RunTime:0.001328s ]
[ sql ] [ SQL ] INSERT INTO `fa_auth_rule` (`name` , `title` , `ismenu` , `icon` , `pid` , `status` , `createtime` , `updatetime`) VALUES ('wechat/config/multi' , '批量更新' , 0 , 'fa fa-circle-o' , 141 , 'normal' , 1567751030 , 1567751030) [ RunTime:0.000998s ]
[ sql ] [ SQL ] INSERT INTO `fa_auth_rule` (`name` , `title` , `icon` , `ismenu` , `pid` , `status` , `createtime` , `updatetime`) VALUES ('wechat/menu' , '菜单管理' , 'fa fa-list' , 1 , 134 , 'normal' , 1567751030 , 1567751030) [ RunTime:0.000869s ]
[ sql ] [ SQL ] INSERT INTO `fa_auth_rule` (`name` , `title` , `ismenu` , `icon` , `pid` , `status` , `createtime` , `updatetime`) VALUES ('wechat/menu/index' , '查看' , 0 , 'fa fa-circle-o' , 147 , 'normal' , 1567751030 , 1567751030) [ RunTime:0.000791s ]
[ sql ] [ SQL ] INSERT INTO `fa_auth_rule` (`name` , `title` , `ismenu` , `icon` , `pid` , `status` , `createtime` , `updatetime`) VALUES ('wechat/menu/add' , '添加' , 0 , 'fa fa-circle-o' , 147 , 'normal' , 1567751030 , 1567751030) [ RunTime:0.000799s ]
[ sql ] [ SQL ] INSERT INTO `fa_auth_rule` (`name` , `title` , `ismenu` , `icon` , `pid` , `status` , `createtime` , `updatetime`) VALUES ('wechat/menu/edit' , '修改' , 0 , 'fa fa-circle-o' , 147 , 'normal' , 1567751030 , 1567751030) [ RunTime:0.000655s ]
[ sql ] [ SQL ] INSERT INTO `fa_auth_rule` (`name` , `title` , `ismenu` , `icon` , `pid` , `status` , `createtime` , `updatetime`) VALUES ('wechat/menu/del' , '删除' , 0 , 'fa fa-circle-o' , 147 , 'normal' , 1567751030 , 1567751030) [ RunTime:0.000666s ]
[ sql ] [ SQL ] INSERT INTO `fa_auth_rule` (`name` , `title` , `ismenu` , `icon` , `pid` , `status` , `createtime` , `updatetime`) VALUES ('wechat/menu/sync' , '同步' , 0 , 'fa fa-circle-o' , 147 , 'normal' , 1567751030 , 1567751030) [ RunTime:0.000645s ]
[ sql ] [ SQL ] INSERT INTO `fa_auth_rule` (`name` , `title` , `ismenu` , `icon` , `pid` , `status` , `createtime` , `updatetime`) VALUES ('wechat/menu/multi' , '批量更新' , 0 , 'fa fa-circle-o' , 147 , 'normal' , 1567751030 , 1567751030) [ RunTime:0.001605s ]
[ sql ] [ SQL ] INSERT INTO `fa_auth_rule` (`name` , `title` , `icon` , `ismenu` , `pid` , `status` , `createtime` , `updatetime`) VALUES ('wechat/response' , '资源管理' , 'fa fa-list-alt' , 1 , 134 , 'normal' , 1567751030 , 1567751030) [ RunTime:0.000608s ]
[ sql ] [ SQL ] INSERT INTO `fa_auth_rule` (`name` , `title` , `ismenu` , `icon` , `pid` , `status` , `createtime` , `updatetime`) VALUES ('wechat/response/index' , '查看' , 0 , 'fa fa-circle-o' , 154 , 'normal' , 1567751030 , 1567751030) [ RunTime:0.000635s ]
[ sql ] [ SQL ] INSERT INTO `fa_auth_rule` (`name` , `title` , `ismenu` , `icon` , `pid` , `status` , `createtime` , `updatetime`) VALUES ('wechat/response/add' , '添加' , 0 , 'fa fa-circle-o' , 154 , 'normal' , 1567751030 , 1567751030) [ RunTime:0.000610s ]
[ sql ] [ SQL ] INSERT INTO `fa_auth_rule` (`name` , `title` , `ismenu` , `icon` , `pid` , `status` , `createtime` , `updatetime`) VALUES ('wechat/response/edit' , '修改' , 0 , 'fa fa-circle-o' , 154 , 'normal' , 1567751030 , 1567751030) [ RunTime:0.001399s ]
[ sql ] [ SQL ] INSERT INTO `fa_auth_rule` (`name` , `title` , `ismenu` , `icon` , `pid` , `status` , `createtime` , `updatetime`) VALUES ('wechat/response/del' , '删除' , 0 , 'fa fa-circle-o' , 154 , 'normal' , 1567751030 , 1567751030) [ RunTime:0.001311s ]
[ sql ] [ SQL ] INSERT INTO `fa_auth_rule` (`name` , `title` , `ismenu` , `icon` , `pid` , `status` , `createtime` , `updatetime`) VALUES ('wechat/response/select' , '选择' , 0 , 'fa fa-circle-o' , 154 , 'normal' , 1567751030 , 1567751030) [ RunTime:0.001285s ]
[ sql ] [ SQL ] INSERT INTO `fa_auth_rule` (`name` , `title` , `ismenu` , `icon` , `pid` , `status` , `createtime` , `updatetime`) VALUES ('wechat/response/multi' , '批量更新' , 0 , 'fa fa-circle-o' , 154 , 'normal' , 1567751030 , 1567751030) [ RunTime:0.001325s ]
[ sql ] [ SQL ] SHOW COLUMNS FROM `fa_admin_log` [ RunTime:0.000910s ]
[ sql ] [ SQL ] INSERT INTO `fa_admin_log` (`title` , `content` , `url` , `admin_id` , `username` , `useragent` , `ip` , `createtime`) VALUES ('插件管理 安装' , '{\"name\":\"wechat\",\"faversion\":\"1.0.0.20190705_beta\"}' , '/index.php/admin/addon/install' , 1 , 'admin' , 'Mozilla/5.0 (Macintosh; Intel Mac OS X 10_14_6) AppleWebKit/537.36 (KHTML, like Gecko) Chrome/76.0.3809.100 Safari/537.36' , '127.0.0.1' , 1567751030) [ RunTime:0.000581s ]
---------------------------------------------------------------
[ 2019-09-06T14:23:51+08:00 ] 127.0.0.1 POST fastadmin.test/index.php/admin/addon/install
[ sql ] [ DB ] CONNECT:[ UseTime:0.000849s ] mysql:host=127.0.0.1;dbname=fastadmin;charset=utf8
[ sql ] [ SQL ] SHOW COLUMNS FROM `fa_auth_group_access` [ RunTime:0.002292s ]
[ sql ] [ SQL ] SELECT `aga`.`uid`,`aga`.`group_id`,`ag`.`id`,`ag`.`pid`,`ag`.`name`,`ag`.`rules` FROM `fa_auth_group_access` `aga` LEFT JOIN `fa_auth_group` `ag` ON `aga`.`group_id`=`ag`.`id` WHERE  (  aga.uid='1' and ag.status='normal' ) [ RunTime:0.000840s ]
[ sql ] [ SQL ] SHOW COLUMNS FROM `fa_auth_rule` [ RunTime:0.001278s ]
[ sql ] [ SQL ] SELECT `id`,`pid`,`condition`,`icon`,`name`,`title`,`ismenu` FROM `fa_auth_rule` WHERE  `status` = 'normal' [ RunTime:0.001701s ]
[ sql ] [ SQL ] INSERT INTO `fa_auth_rule` (`name` , `title` , `icon` , `ismenu` , `pid` , `status` , `createtime` , `updatetime`) VALUES ('command' , '在线命令管理' , 'fa fa-terminal' , 1 , 0 , 'normal' , 1567751031 , 1567751031) [ RunTime:0.001218s ]
[ sql ] [ SQL ] INSERT INTO `fa_auth_rule` (`name` , `title` , `ismenu` , `icon` , `pid` , `status` , `createtime` , `updatetime`) VALUES ('command/index' , '查看' , 0 , 'fa fa-circle-o' , 161 , 'normal' , 1567751031 , 1567751031) [ RunTime:0.000620s ]
[ sql ] [ SQL ] INSERT INTO `fa_auth_rule` (`name` , `title` , `ismenu` , `icon` , `pid` , `status` , `createtime` , `updatetime`) VALUES ('command/add' , '添加' , 0 , 'fa fa-circle-o' , 161 , 'normal' , 1567751031 , 1567751031) [ RunTime:0.000852s ]
[ sql ] [ SQL ] INSERT INTO `fa_auth_rule` (`name` , `title` , `ismenu` , `icon` , `pid` , `status` , `createtime` , `updatetime`) VALUES ('command/detail' , '详情' , 0 , 'fa fa-circle-o' , 161 , 'normal' , 1567751031 , 1567751031) [ RunTime:0.000634s ]
[ sql ] [ SQL ] INSERT INTO `fa_auth_rule` (`name` , `title` , `ismenu` , `icon` , `pid` , `status` , `createtime` , `updatetime`) VALUES ('command/execute' , '运行' , 0 , 'fa fa-circle-o' , 161 , 'normal' , 1567751031 , 1567751031) [ RunTime:0.000621s ]
[ sql ] [ SQL ] INSERT INTO `fa_auth_rule` (`name` , `title` , `ismenu` , `icon` , `pid` , `status` , `createtime` , `updatetime`) VALUES ('command/del' , '删除' , 0 , 'fa fa-circle-o' , 161 , 'normal' , 1567751031 , 1567751031) [ RunTime:0.025883s ]
[ sql ] [ SQL ] INSERT INTO `fa_auth_rule` (`name` , `title` , `ismenu` , `icon` , `pid` , `status` , `createtime` , `updatetime`) VALUES ('command/multi' , '批量更新' , 0 , 'fa fa-circle-o' , 161 , 'normal' , 1567751031 , 1567751031) [ RunTime:0.000848s ]
[ sql ] [ SQL ] SHOW COLUMNS FROM `fa_admin_log` [ RunTime:0.001196s ]
[ sql ] [ SQL ] INSERT INTO `fa_admin_log` (`title` , `content` , `url` , `admin_id` , `username` , `useragent` , `ip` , `createtime`) VALUES ('插件管理 安装' , '{\"name\":\"command\",\"faversion\":\"1.0.0.20190705_beta\"}' , '/index.php/admin/addon/install' , 1 , 'admin' , 'Mozilla/5.0 (Macintosh; Intel Mac OS X 10_14_6) AppleWebKit/537.36 (KHTML, like Gecko) Chrome/76.0.3809.100 Safari/537.36' , '127.0.0.1' , 1567751031) [ RunTime:0.000763s ]
---------------------------------------------------------------
[ 2019-09-06T14:23:51+08:00 ] 127.0.0.1 POST fastadmin.test/index.php/admin/index/index
[ sql ] [ DB ] CONNECT:[ UseTime:0.000626s ] mysql:host=127.0.0.1;dbname=fastadmin;charset=utf8
[ sql ] [ SQL ] SHOW COLUMNS FROM `fa_auth_group_access` [ RunTime:0.000927s ]
[ sql ] [ SQL ] SELECT `aga`.`uid`,`aga`.`group_id`,`ag`.`id`,`ag`.`pid`,`ag`.`name`,`ag`.`rules` FROM `fa_auth_group_access` `aga` LEFT JOIN `fa_auth_group` `ag` ON `aga`.`group_id`=`ag`.`id` WHERE  (  aga.uid='1' and ag.status='normal' ) [ RunTime:0.000715s ]
[ sql ] [ SQL ] SHOW COLUMNS FROM `fa_auth_rule` [ RunTime:0.001001s ]
[ sql ] [ SQL ] SELECT `id`,`pid`,`condition`,`icon`,`name`,`title`,`ismenu` FROM `fa_auth_rule` WHERE  `status` = 'normal' [ RunTime:0.001755s ]
[ sql ] [ SQL ] SELECT * FROM `fa_auth_rule` WHERE  `status` = 'normal'  AND `ismenu` = 1 ORDER BY `weigh` DESC [ RunTime:0.000969s ]
[ sql ] [ SQL ] SELECT `name`,`pid` FROM `fa_auth_rule` WHERE  `status` = 'normal'  AND `ismenu` = 0  AND `name` LIKE '%/index' [ RunTime:0.001847s ]
[ sql ] [ SQL ] SHOW COLUMNS FROM `fa_admin_log` [ RunTime:0.000727s ]
[ sql ] [ SQL ] INSERT INTO `fa_admin_log` (`title` , `content` , `url` , `admin_id` , `username` , `useragent` , `ip` , `createtime`) VALUES ('' , '{\"action\":\"refreshmenu\"}' , '/index.php/admin/index/index' , 1 , 'admin' , 'Mozilla/5.0 (Macintosh; Intel Mac OS X 10_14_6) AppleWebKit/537.36 (KHTML, like Gecko) Chrome/76.0.3809.100 Safari/537.36' , '127.0.0.1' , 1567751031) [ RunTime:0.001150s ]
---------------------------------------------------------------
[ 2019-09-06T14:23:51+08:00 ] 127.0.0.1 POST fastadmin.test/index.php/admin/index/index
[ sql ] [ DB ] CONNECT:[ UseTime:0.004226s ] mysql:host=127.0.0.1;dbname=fastadmin;charset=utf8
[ sql ] [ SQL ] SHOW COLUMNS FROM `fa_auth_group_access` [ RunTime:0.001127s ]
[ sql ] [ SQL ] SELECT `aga`.`uid`,`aga`.`group_id`,`ag`.`id`,`ag`.`pid`,`ag`.`name`,`ag`.`rules` FROM `fa_auth_group_access` `aga` LEFT JOIN `fa_auth_group` `ag` ON `aga`.`group_id`=`ag`.`id` WHERE  (  aga.uid='1' and ag.status='normal' ) [ RunTime:0.000790s ]
[ sql ] [ SQL ] SHOW COLUMNS FROM `fa_auth_rule` [ RunTime:0.000775s ]
[ sql ] [ SQL ] SELECT `id`,`pid`,`condition`,`icon`,`name`,`title`,`ismenu` FROM `fa_auth_rule` WHERE  `status` = 'normal' [ RunTime:0.001615s ]
[ sql ] [ SQL ] SELECT `name`,`pid` FROM `fa_auth_rule` WHERE  `status` = 'normal'  AND `ismenu` = 0  AND `name` LIKE '%/index' [ RunTime:0.001107s ]
[ sql ] [ SQL ] SHOW COLUMNS FROM `fa_admin_log` [ RunTime:0.000888s ]
[ sql ] [ SQL ] INSERT INTO `fa_admin_log` (`title` , `content` , `url` , `admin_id` , `username` , `useragent` , `ip` , `createtime`) VALUES ('' , '{\"action\":\"refreshmenu\"}' , '/index.php/admin/index/index' , 1 , 'admin' , 'Mozilla/5.0 (Macintosh; Intel Mac OS X 10_14_6) AppleWebKit/537.36 (KHTML, like Gecko) Chrome/76.0.3809.100 Safari/537.36' , '127.0.0.1' , 1567751031) [ RunTime:0.000780s ]
---------------------------------------------------------------
[ 2019-09-06T14:23:51+08:00 ] 127.0.0.1 POST fastadmin.test/index.php/admin/index/index
[ sql ] [ DB ] CONNECT:[ UseTime:0.000638s ] mysql:host=127.0.0.1;dbname=fastadmin;charset=utf8
[ sql ] [ SQL ] SHOW COLUMNS FROM `fa_auth_group_access` [ RunTime:0.001078s ]
[ sql ] [ SQL ] SELECT `aga`.`uid`,`aga`.`group_id`,`ag`.`id`,`ag`.`pid`,`ag`.`name`,`ag`.`rules` FROM `fa_auth_group_access` `aga` LEFT JOIN `fa_auth_group` `ag` ON `aga`.`group_id`=`ag`.`id` WHERE  (  aga.uid='1' and ag.status='normal' ) [ RunTime:0.006155s ]
[ sql ] [ SQL ] SHOW COLUMNS FROM `fa_auth_rule` [ RunTime:0.001704s ]
[ sql ] [ SQL ] SELECT `id`,`pid`,`condition`,`icon`,`name`,`title`,`ismenu` FROM `fa_auth_rule` WHERE  `status` = 'normal' [ RunTime:0.033394s ]
[ sql ] [ SQL ] SELECT `name`,`pid` FROM `fa_auth_rule` WHERE  `status` = 'normal'  AND `ismenu` = 0  AND `name` LIKE '%/index' [ RunTime:0.000989s ]
[ sql ] [ SQL ] SHOW COLUMNS FROM `fa_admin_log` [ RunTime:0.001359s ]
[ sql ] [ SQL ] INSERT INTO `fa_admin_log` (`title` , `content` , `url` , `admin_id` , `username` , `useragent` , `ip` , `createtime`) VALUES ('' , '{\"action\":\"refreshmenu\"}' , '/index.php/admin/index/index' , 1 , 'admin' , 'Mozilla/5.0 (Macintosh; Intel Mac OS X 10_14_6) AppleWebKit/537.36 (KHTML, like Gecko) Chrome/76.0.3809.100 Safari/537.36' , '127.0.0.1' , 1567751031) [ RunTime:0.001290s ]
---------------------------------------------------------------
[ 2019-09-06T14:23:51+08:00 ] 127.0.0.1 POST fastadmin.test/index.php/admin/index/index
[ sql ] [ DB ] CONNECT:[ UseTime:0.000627s ] mysql:host=127.0.0.1;dbname=fastadmin;charset=utf8
[ sql ] [ SQL ] SHOW COLUMNS FROM `fa_auth_group_access` [ RunTime:0.002789s ]
[ sql ] [ SQL ] SELECT `aga`.`uid`,`aga`.`group_id`,`ag`.`id`,`ag`.`pid`,`ag`.`name`,`ag`.`rules` FROM `fa_auth_group_access` `aga` LEFT JOIN `fa_auth_group` `ag` ON `aga`.`group_id`=`ag`.`id` WHERE  (  aga.uid='1' and ag.status='normal' ) [ RunTime:0.001313s ]
[ sql ] [ SQL ] SHOW COLUMNS FROM `fa_auth_rule` [ RunTime:0.004269s ]
[ sql ] [ SQL ] SELECT `id`,`pid`,`condition`,`icon`,`name`,`title`,`ismenu` FROM `fa_auth_rule` WHERE  `status` = 'normal' [ RunTime:0.032108s ]
[ sql ] [ SQL ] SELECT `name`,`pid` FROM `fa_auth_rule` WHERE  `status` = 'normal'  AND `ismenu` = 0  AND `name` LIKE '%/index' [ RunTime:0.001329s ]
[ sql ] [ SQL ] SHOW COLUMNS FROM `fa_admin_log` [ RunTime:0.001838s ]
[ sql ] [ SQL ] INSERT INTO `fa_admin_log` (`title` , `content` , `url` , `admin_id` , `username` , `useragent` , `ip` , `createtime`) VALUES ('' , '{\"action\":\"refreshmenu\"}' , '/index.php/admin/index/index' , 1 , 'admin' , 'Mozilla/5.0 (Macintosh; Intel Mac OS X 10_14_6) AppleWebKit/537.36 (KHTML, like Gecko) Chrome/76.0.3809.100 Safari/537.36' , '127.0.0.1' , 1567751031) [ RunTime:0.001148s ]
---------------------------------------------------------------
[ 2019-09-06T14:23:51+08:00 ] 127.0.0.1 POST fastadmin.test/index.php/admin/index/index
[ sql ] [ DB ] CONNECT:[ UseTime:0.001036s ] mysql:host=127.0.0.1;dbname=fastadmin;charset=utf8
[ sql ] [ SQL ] SHOW COLUMNS FROM `fa_auth_group_access` [ RunTime:0.026098s ]
[ sql ] [ SQL ] SELECT `aga`.`uid`,`aga`.`group_id`,`ag`.`id`,`ag`.`pid`,`ag`.`name`,`ag`.`rules` FROM `fa_auth_group_access` `aga` LEFT JOIN `fa_auth_group` `ag` ON `aga`.`group_id`=`ag`.`id` WHERE  (  aga.uid='1' and ag.status='normal' ) [ RunTime:0.000942s ]
[ sql ] [ SQL ] SHOW COLUMNS FROM `fa_auth_rule` [ RunTime:0.000818s ]
[ sql ] [ SQL ] SELECT `id`,`pid`,`condition`,`icon`,`name`,`title`,`ismenu` FROM `fa_auth_rule` WHERE  `status` = 'normal' [ RunTime:0.001283s ]
[ sql ] [ SQL ] SELECT `name`,`pid` FROM `fa_auth_rule` WHERE  `status` = 'normal'  AND `ismenu` = 0  AND `name` LIKE '%/index' [ RunTime:0.000760s ]
[ sql ] [ SQL ] SHOW COLUMNS FROM `fa_admin_log` [ RunTime:0.001097s ]
[ sql ] [ SQL ] INSERT INTO `fa_admin_log` (`title` , `content` , `url` , `admin_id` , `username` , `useragent` , `ip` , `createtime`) VALUES ('' , '{\"action\":\"refreshmenu\"}' , '/index.php/admin/index/index' , 1 , 'admin' , 'Mozilla/5.0 (Macintosh; Intel Mac OS X 10_14_6) AppleWebKit/537.36 (KHTML, like Gecko) Chrome/76.0.3809.100 Safari/537.36' , '127.0.0.1' , 1567751031) [ RunTime:0.002734s ]
---------------------------------------------------------------
[ 2019-09-06T14:24:00+08:00 ] 127.0.0.1 GET fastadmin.test/index.php/admin/wechat/response?addtabs=1
[ sql ] [ DB ] CONNECT:[ UseTime:0.027367s ] mysql:host=127.0.0.1;dbname=fastadmin;charset=utf8
[ sql ] [ SQL ] SHOW COLUMNS FROM `fa_auth_group_access` [ RunTime:0.001286s ]
[ sql ] [ SQL ] SELECT `aga`.`uid`,`aga`.`group_id`,`ag`.`id`,`ag`.`pid`,`ag`.`name`,`ag`.`rules` FROM `fa_auth_group_access` `aga` LEFT JOIN `fa_auth_group` `ag` ON `aga`.`group_id`=`ag`.`id` WHERE  (  aga.uid='1' and ag.status='normal' ) [ RunTime:0.000726s ]
[ sql ] [ SQL ] SHOW COLUMNS FROM `fa_auth_rule` [ RunTime:0.000993s ]
[ sql ] [ SQL ] SELECT `id`,`pid`,`condition`,`icon`,`name`,`title`,`ismenu` FROM `fa_auth_rule` WHERE  `status` = 'normal' [ RunTime:0.001503s ]
[ sql ] [ SQL ] SELECT `title`,`remark` FROM `fa_auth_rule` WHERE  `name` = 'wechat/response' LIMIT 1 [ RunTime:0.000526s ]
---------------------------------------------------------------
[ 2019-09-06T14:24:01+08:00 ] 127.0.0.1 GET fastadmin.test/index.php/admin/wechat/response/index?sort=id&order=desc&offset=0&limit=10&filter=%7B%7D&op=%7B%7D&_=1567751040873
[ sql ] [ DB ] CONNECT:[ UseTime:0.000767s ] mysql:host=127.0.0.1;dbname=fastadmin;charset=utf8
[ sql ] [ SQL ] SHOW COLUMNS FROM `fa_auth_group_access` [ RunTime:0.000690s ]
[ sql ] [ SQL ] SELECT `aga`.`uid`,`aga`.`group_id`,`ag`.`id`,`ag`.`pid`,`ag`.`name`,`ag`.`rules` FROM `fa_auth_group_access` `aga` LEFT JOIN `fa_auth_group` `ag` ON `aga`.`group_id`=`ag`.`id` WHERE  (  aga.uid='1' and ag.status='normal' ) [ RunTime:0.005983s ]
[ sql ] [ SQL ] SHOW COLUMNS FROM `fa_auth_rule` [ RunTime:0.001501s ]
[ sql ] [ SQL ] SELECT `id`,`pid`,`condition`,`icon`,`name`,`title`,`ismenu` FROM `fa_auth_rule` WHERE  `status` = 'normal' [ RunTime:0.002262s ]
[ sql ] [ SQL ] SHOW COLUMNS FROM `fa_wechat_response` [ RunTime:0.002927s ]
[ sql ] [ SQL ] SELECT COUNT(*) AS tp_count FROM `fa_wechat_response` ORDER BY `id` DESC LIMIT 1 [ RunTime:0.004546s ]
[ sql ] [ SQL ] SELECT * FROM `fa_wechat_response` ORDER BY `id` DESC LIMIT 0,10 [ RunTime:0.000670s ]
---------------------------------------------------------------
[ 2019-09-06T14:24:02+08:00 ] 127.0.0.1 GET fastadmin.test/index.php/admin/wechat/menu?addtabs=1
[ sql ] [ DB ] CONNECT:[ UseTime:0.000827s ] mysql:host=127.0.0.1;dbname=fastadmin;charset=utf8
[ sql ] [ SQL ] SHOW COLUMNS FROM `fa_auth_group_access` [ RunTime:0.003663s ]
[ sql ] [ SQL ] SELECT `aga`.`uid`,`aga`.`group_id`,`ag`.`id`,`ag`.`pid`,`ag`.`name`,`ag`.`rules` FROM `fa_auth_group_access` `aga` LEFT JOIN `fa_auth_group` `ag` ON `aga`.`group_id`=`ag`.`id` WHERE  (  aga.uid='1' and ag.status='normal' ) [ RunTime:0.000801s ]
[ sql ] [ SQL ] SHOW COLUMNS FROM `fa_auth_rule` [ RunTime:0.001070s ]
[ sql ] [ SQL ] SELECT `id`,`pid`,`condition`,`icon`,`name`,`title`,`ismenu` FROM `fa_auth_rule` WHERE  `status` = 'normal' [ RunTime:0.027958s ]
[ sql ] [ SQL ] SHOW COLUMNS FROM `fa_wechat_config` [ RunTime:0.001221s ]
[ sql ] [ SQL ] SELECT * FROM `fa_wechat_config` WHERE  `name` = 'menu' LIMIT 1 [ RunTime:0.000640s ]
[ sql ] [ SQL ] SHOW COLUMNS FROM `fa_wechat_response` [ RunTime:0.000685s ]
[ sql ] [ SQL ] SELECT * FROM `fa_wechat_response` [ RunTime:0.000352s ]
[ sql ] [ SQL ] SELECT `title`,`remark` FROM `fa_auth_rule` WHERE  `name` = 'wechat/menu' LIMIT 1 [ RunTime:0.000516s ]
---------------------------------------------------------------
[ 2019-09-06T14:24:06+08:00 ] 127.0.0.1 GET fastadmin.test/index.php/admin/wechat/config?addtabs=1
[ sql ] [ DB ] CONNECT:[ UseTime:0.000601s ] mysql:host=127.0.0.1;dbname=fastadmin;charset=utf8
[ sql ] [ SQL ] SHOW COLUMNS FROM `fa_auth_group_access` [ RunTime:0.000953s ]
[ sql ] [ SQL ] SELECT `aga`.`uid`,`aga`.`group_id`,`ag`.`id`,`ag`.`pid`,`ag`.`name`,`ag`.`rules` FROM `fa_auth_group_access` `aga` LEFT JOIN `fa_auth_group` `ag` ON `aga`.`group_id`=`ag`.`id` WHERE  (  aga.uid='1' and ag.status='normal' ) [ RunTime:0.000635s ]
[ sql ] [ SQL ] SHOW COLUMNS FROM `fa_auth_rule` [ RunTime:0.000976s ]
[ sql ] [ SQL ] SELECT `id`,`pid`,`condition`,`icon`,`name`,`title`,`ismenu` FROM `fa_auth_rule` WHERE  `status` = 'normal' [ RunTime:0.001141s ]
[ sql ] [ SQL ] SELECT `title`,`remark` FROM `fa_auth_rule` WHERE  `name` = 'wechat/config' LIMIT 1 [ RunTime:0.000592s ]
---------------------------------------------------------------
[ 2019-09-06T14:24:06+08:00 ] 127.0.0.1 GET fastadmin.test/index.php/admin/wechat/config/index?sort=id&order=desc&offset=0&limit=10&filter=%7B%7D&op=%7B%7D&_=1567751046169
[ sql ] [ DB ] CONNECT:[ UseTime:0.000564s ] mysql:host=127.0.0.1;dbname=fastadmin;charset=utf8
[ sql ] [ SQL ] SHOW COLUMNS FROM `fa_auth_group_access` [ RunTime:0.028428s ]
[ sql ] [ SQL ] SELECT `aga`.`uid`,`aga`.`group_id`,`ag`.`id`,`ag`.`pid`,`ag`.`name`,`ag`.`rules` FROM `fa_auth_group_access` `aga` LEFT JOIN `fa_auth_group` `ag` ON `aga`.`group_id`=`ag`.`id` WHERE  (  aga.uid='1' and ag.status='normal' ) [ RunTime:0.001501s ]
[ sql ] [ SQL ] SHOW COLUMNS FROM `fa_auth_rule` [ RunTime:0.003250s ]
[ sql ] [ SQL ] SELECT `id`,`pid`,`condition`,`icon`,`name`,`title`,`ismenu` FROM `fa_auth_rule` WHERE  `status` = 'normal' [ RunTime:0.001514s ]
[ sql ] [ SQL ] SHOW COLUMNS FROM `fa_wechat_config` [ RunTime:0.001193s ]
[ sql ] [ SQL ] SELECT COUNT(*) AS tp_count FROM `fa_wechat_config` ORDER BY `id` DESC LIMIT 1 [ RunTime:0.000459s ]
[ sql ] [ SQL ] SELECT * FROM `fa_wechat_config` ORDER BY `id` DESC LIMIT 0,10 [ RunTime:0.000398s ]
---------------------------------------------------------------
[ 2019-09-06T14:24:07+08:00 ] 127.0.0.1 GET fastadmin.test/index.php/admin/wechat/autoreply?addtabs=1
[ sql ] [ DB ] CONNECT:[ UseTime:0.000517s ] mysql:host=127.0.0.1;dbname=fastadmin;charset=utf8
[ sql ] [ SQL ] SHOW COLUMNS FROM `fa_auth_group_access` [ RunTime:0.000824s ]
[ sql ] [ SQL ] SELECT `aga`.`uid`,`aga`.`group_id`,`ag`.`id`,`ag`.`pid`,`ag`.`name`,`ag`.`rules` FROM `fa_auth_group_access` `aga` LEFT JOIN `fa_auth_group` `ag` ON `aga`.`group_id`=`ag`.`id` WHERE  (  aga.uid='1' and ag.status='normal' ) [ RunTime:0.000500s ]
[ sql ] [ SQL ] SHOW COLUMNS FROM `fa_auth_rule` [ RunTime:0.000698s ]
[ sql ] [ SQL ] SELECT `id`,`pid`,`condition`,`icon`,`name`,`title`,`ismenu` FROM `fa_auth_rule` WHERE  `status` = 'normal' [ RunTime:0.001266s ]
[ sql ] [ SQL ] SELECT `title`,`remark` FROM `fa_auth_rule` WHERE  `name` = 'wechat/autoreply' LIMIT 1 [ RunTime:0.000527s ]
---------------------------------------------------------------
[ 2019-09-06T14:24:07+08:00 ] 127.0.0.1 GET fastadmin.test/index.php/admin/wechat/autoreply/index?sort=id&order=desc&offset=0&limit=10&filter=%7B%7D&op=%7B%7D&_=1567751047419
[ sql ] [ DB ] CONNECT:[ UseTime:0.000554s ] mysql:host=127.0.0.1;dbname=fastadmin;charset=utf8
[ sql ] [ SQL ] SHOW COLUMNS FROM `fa_auth_group_access` [ RunTime:0.000681s ]
[ sql ] [ SQL ] SELECT `aga`.`uid`,`aga`.`group_id`,`ag`.`id`,`ag`.`pid`,`ag`.`name`,`ag`.`rules` FROM `fa_auth_group_access` `aga` LEFT JOIN `fa_auth_group` `ag` ON `aga`.`group_id`=`ag`.`id` WHERE  (  aga.uid='1' and ag.status='normal' ) [ RunTime:0.002722s ]
[ sql ] [ SQL ] SHOW COLUMNS FROM `fa_auth_rule` [ RunTime:0.001302s ]
[ sql ] [ SQL ] SELECT `id`,`pid`,`condition`,`icon`,`name`,`title`,`ismenu` FROM `fa_auth_rule` WHERE  `status` = 'normal' [ RunTime:0.001880s ]
[ sql ] [ SQL ] SHOW COLUMNS FROM `fa_wechat_autoreply` [ RunTime:0.000963s ]
[ sql ] [ SQL ] SELECT COUNT(*) AS tp_count FROM `fa_wechat_autoreply` ORDER BY `id` DESC LIMIT 1 [ RunTime:0.000372s ]
[ sql ] [ SQL ] SELECT * FROM `fa_wechat_autoreply` ORDER BY `id` DESC LIMIT 0,10 [ RunTime:0.000494s ]
---------------------------------------------------------------
[ 2019-09-06T14:24:10+08:00 ] 127.0.0.1 GET fastadmin.test/index.php/admin/wechat/response/index?sort=id&order=desc&offset=0&limit=10&filter=%7B%7D&op=%7B%7D&_=1567751040874
[ sql ] [ DB ] CONNECT:[ UseTime:0.026206s ] mysql:host=127.0.0.1;dbname=fastadmin;charset=utf8
[ sql ] [ SQL ] SHOW COLUMNS FROM `fa_auth_group_access` [ RunTime:0.001080s ]
[ sql ] [ SQL ] SELECT `aga`.`uid`,`aga`.`group_id`,`ag`.`id`,`ag`.`pid`,`ag`.`name`,`ag`.`rules` FROM `fa_auth_group_access` `aga` LEFT JOIN `fa_auth_group` `ag` ON `aga`.`group_id`=`ag`.`id` WHERE  (  aga.uid='1' and ag.status='normal' ) [ RunTime:0.000597s ]
[ sql ] [ SQL ] SHOW COLUMNS FROM `fa_auth_rule` [ RunTime:0.001146s ]
[ sql ] [ SQL ] SELECT `id`,`pid`,`condition`,`icon`,`name`,`title`,`ismenu` FROM `fa_auth_rule` WHERE  `status` = 'normal' [ RunTime:0.002009s ]
[ sql ] [ SQL ] SHOW COLUMNS FROM `fa_wechat_response` [ RunTime:0.001226s ]
[ sql ] [ SQL ] SELECT COUNT(*) AS tp_count FROM `fa_wechat_response` ORDER BY `id` DESC LIMIT 1 [ RunTime:0.000612s ]
[ sql ] [ SQL ] SELECT * FROM `fa_wechat_response` ORDER BY `id` DESC LIMIT 0,10 [ RunTime:0.000631s ]
---------------------------------------------------------------
[ 2019-09-06T14:24:13+08:00 ] 127.0.0.1 GET fastadmin.test/index.php/admin/addon?addtabs=1
[ sql ] [ DB ] CONNECT:[ UseTime:0.000642s ] mysql:host=127.0.0.1;dbname=fastadmin;charset=utf8
[ sql ] [ SQL ] SHOW COLUMNS FROM `fa_auth_group_access` [ RunTime:0.000791s ]
[ sql ] [ SQL ] SELECT `aga`.`uid`,`aga`.`group_id`,`ag`.`id`,`ag`.`pid`,`ag`.`name`,`ag`.`rules` FROM `fa_auth_group_access` `aga` LEFT JOIN `fa_auth_group` `ag` ON `aga`.`group_id`=`ag`.`id` WHERE  (  aga.uid='1' and ag.status='normal' ) [ RunTime:0.000563s ]
[ sql ] [ SQL ] SHOW COLUMNS FROM `fa_auth_rule` [ RunTime:0.000749s ]
[ sql ] [ SQL ] SELECT `id`,`pid`,`condition`,`icon`,`name`,`title`,`ismenu` FROM `fa_auth_rule` WHERE  `status` = 'normal' [ RunTime:0.004083s ]
[ sql ] [ SQL ] SELECT `title`,`remark` FROM `fa_auth_rule` WHERE  `name` = 'addon' LIMIT 1 [ RunTime:0.000565s ]
---------------------------------------------------------------
[ 2019-09-06T14:24:15+08:00 ] 127.0.0.1 GET fastadmin.test/index.php/admin/auth/admin?addtabs=1
[ sql ] [ DB ] CONNECT:[ UseTime:0.000851s ] mysql:host=127.0.0.1;dbname=fastadmin;charset=utf8
[ sql ] [ SQL ] SHOW COLUMNS FROM `fa_auth_group_access` [ RunTime:0.001692s ]
[ sql ] [ SQL ] SELECT `aga`.`uid`,`aga`.`group_id`,`ag`.`id`,`ag`.`pid`,`ag`.`name`,`ag`.`rules` FROM `fa_auth_group_access` `aga` LEFT JOIN `fa_auth_group` `ag` ON `aga`.`group_id`=`ag`.`id` WHERE  (  aga.uid='1' and ag.status='normal' ) [ RunTime:0.000944s ]
[ sql ] [ SQL ] SHOW COLUMNS FROM `fa_auth_rule` [ RunTime:0.000993s ]
[ sql ] [ SQL ] SELECT `id`,`pid`,`condition`,`icon`,`name`,`title`,`ismenu` FROM `fa_auth_rule` WHERE  `status` = 'normal' [ RunTime:0.001744s ]
[ sql ] [ SQL ] SHOW COLUMNS FROM `fa_admin` [ RunTime:0.001090s ]
[ sql ] [ SQL ] SELECT `id` FROM `fa_admin` [ RunTime:0.000367s ]
[ sql ] [ SQL ] SHOW COLUMNS FROM `fa_auth_group` [ RunTime:0.001171s ]
[ sql ] [ SQL ] SELECT * FROM `fa_auth_group` WHERE  `status` = 'normal' [ RunTime:0.000600s ]
[ sql ] [ SQL ] SELECT * FROM `fa_auth_group` WHERE  `id` IN (1,2,3,4,5) [ RunTime:0.001518s ]
[ sql ] [ SQL ] SELECT `title`,`remark` FROM `fa_auth_rule` WHERE  `name` = 'auth/admin' LIMIT 1 [ RunTime:0.001022s ]
---------------------------------------------------------------
[ 2019-09-06T14:24:15+08:00 ] 127.0.0.1 GET fastadmin.test/index.php/admin/auth/admin/index?sort=id&order=desc&offset=0&limit=10&filter=%7B%7D&op=%7B%7D&_=1567751055720
[ sql ] [ DB ] CONNECT:[ UseTime:0.000608s ] mysql:host=127.0.0.1;dbname=fastadmin;charset=utf8
[ sql ] [ SQL ] SHOW COLUMNS FROM `fa_auth_group_access` [ RunTime:0.000653s ]
[ sql ] [ SQL ] SELECT `aga`.`uid`,`aga`.`group_id`,`ag`.`id`,`ag`.`pid`,`ag`.`name`,`ag`.`rules` FROM `fa_auth_group_access` `aga` LEFT JOIN `fa_auth_group` `ag` ON `aga`.`group_id`=`ag`.`id` WHERE  (  aga.uid='1' and ag.status='normal' ) [ RunTime:0.000560s ]
[ sql ] [ SQL ] SHOW COLUMNS FROM `fa_auth_rule` [ RunTime:0.000673s ]
[ sql ] [ SQL ] SELECT `id`,`pid`,`condition`,`icon`,`name`,`title`,`ismenu` FROM `fa_auth_rule` WHERE  `status` = 'normal' [ RunTime:0.001035s ]
[ sql ] [ SQL ] SHOW COLUMNS FROM `fa_admin` [ RunTime:0.000835s ]
[ sql ] [ SQL ] SELECT `id` FROM `fa_admin` [ RunTime:0.001781s ]
[ sql ] [ SQL ] SHOW COLUMNS FROM `fa_auth_group` [ RunTime:0.000782s ]
[ sql ] [ SQL ] SELECT * FROM `fa_auth_group` WHERE  `status` = 'normal' [ RunTime:0.000501s ]
[ sql ] [ SQL ] SELECT * FROM `fa_auth_group` WHERE  `id` IN (1,2,3,4,5) [ RunTime:0.000443s ]
[ sql ] [ SQL ] SELECT `id`,`name` FROM `fa_auth_group` WHERE  `id` IN (1,2,3,4,5) [ RunTime:0.000497s ]
[ sql ] [ SQL ] SELECT `uid`,`group_id` FROM `fa_auth_group_access` WHERE  `group_id` IN (1,2,3,4,5) [ RunTime:0.000780s ]
[ sql ] [ SQL ] SELECT COUNT(*) AS tp_count FROM `fa_admin` WHERE  `id` IN (1) ORDER BY `id` DESC LIMIT 1 [ RunTime:0.000430s ]
[ sql ] [ SQL ] SELECT `id`,`username`,`nickname`,`avatar`,`email`,`loginfailure`,`logintime`,`createtime`,`updatetime`,`status` FROM `fa_admin` WHERE  `id` IN (1) ORDER BY `id` DESC LIMIT 0,10 [ RunTime:0.000359s ]
---------------------------------------------------------------
[ 2019-09-06T14:24:16+08:00 ] 127.0.0.1 GET fastadmin.test/index.php/admin/auth/adminlog?addtabs=1
[ sql ] [ DB ] CONNECT:[ UseTime:0.000846s ] mysql:host=127.0.0.1;dbname=fastadmin;charset=utf8
[ sql ] [ SQL ] SHOW COLUMNS FROM `fa_auth_group_access` [ RunTime:0.001269s ]
[ sql ] [ SQL ] SELECT `aga`.`uid`,`aga`.`group_id`,`ag`.`id`,`ag`.`pid`,`ag`.`name`,`ag`.`rules` FROM `fa_auth_group_access` `aga` LEFT JOIN `fa_auth_group` `ag` ON `aga`.`group_id`=`ag`.`id` WHERE  (  aga.uid='1' and ag.status='normal' ) [ RunTime:0.001025s ]
[ sql ] [ SQL ] SHOW COLUMNS FROM `fa_auth_rule` [ RunTime:0.001688s ]
[ sql ] [ SQL ] SELECT `id`,`pid`,`condition`,`icon`,`name`,`title`,`ismenu` FROM `fa_auth_rule` WHERE  `status` = 'normal' [ RunTime:0.001350s ]
[ sql ] [ SQL ] SHOW COLUMNS FROM `fa_admin` [ RunTime:0.001387s ]
[ sql ] [ SQL ] SELECT `id` FROM `fa_admin` [ RunTime:0.000406s ]
[ sql ] [ SQL ] SHOW COLUMNS FROM `fa_auth_group` [ RunTime:0.000863s ]
[ sql ] [ SQL ] SELECT * FROM `fa_auth_group` WHERE  `status` = 'normal' [ RunTime:0.000493s ]
[ sql ] [ SQL ] SELECT `id`,`name` FROM `fa_auth_group` WHERE  `id` IN (1,2,3,4,5) [ RunTime:0.000342s ]
[ sql ] [ SQL ] SELECT `title`,`remark` FROM `fa_auth_rule` WHERE  `name` = 'auth/adminlog' LIMIT 1 [ RunTime:0.000558s ]
---------------------------------------------------------------
[ 2019-09-06T14:24:16+08:00 ] 127.0.0.1 GET fastadmin.test/index.php/admin/auth/adminlog/index?sort=id&order=desc&offset=0&limit=10&filter=%7B%7D&op=%7B%7D&_=1567751056569
[ sql ] [ DB ] CONNECT:[ UseTime:0.002277s ] mysql:host=127.0.0.1;dbname=fastadmin;charset=utf8
[ sql ] [ SQL ] SHOW COLUMNS FROM `fa_auth_group_access` [ RunTime:0.001255s ]
[ sql ] [ SQL ] SELECT `aga`.`uid`,`aga`.`group_id`,`ag`.`id`,`ag`.`pid`,`ag`.`name`,`ag`.`rules` FROM `fa_auth_group_access` `aga` LEFT JOIN `fa_auth_group` `ag` ON `aga`.`group_id`=`ag`.`id` WHERE  (  aga.uid='1' and ag.status='normal' ) [ RunTime:0.000587s ]
[ sql ] [ SQL ] SHOW COLUMNS FROM `fa_auth_rule` [ RunTime:0.001191s ]
[ sql ] [ SQL ] SELECT `id`,`pid`,`condition`,`icon`,`name`,`title`,`ismenu` FROM `fa_auth_rule` WHERE  `status` = 'normal' [ RunTime:0.001870s ]
[ sql ] [ SQL ] SHOW COLUMNS FROM `fa_admin` [ RunTime:0.001566s ]
[ sql ] [ SQL ] SELECT `id` FROM `fa_admin` [ RunTime:0.000664s ]
[ sql ] [ SQL ] SHOW COLUMNS FROM `fa_auth_group` [ RunTime:0.001402s ]
[ sql ] [ SQL ] SELECT * FROM `fa_auth_group` WHERE  `status` = 'normal' [ RunTime:0.001159s ]
[ sql ] [ SQL ] SELECT `id`,`name` FROM `fa_auth_group` WHERE  `id` IN (1,2,3,4,5) [ RunTime:0.000960s ]
[ sql ] [ SQL ] SHOW COLUMNS FROM `fa_admin_log` [ RunTime:0.001431s ]
[ sql ] [ SQL ] SELECT COUNT(*) AS tp_count FROM `fa_admin_log` WHERE  `admin_id` IN (1) ORDER BY `id` DESC LIMIT 1 [ RunTime:0.000818s ]
[ sql ] [ SQL ] SELECT * FROM `fa_admin_log` WHERE  `admin_id` IN (1) ORDER BY `id` DESC LIMIT 0,10 [ RunTime:0.000928s ]
---------------------------------------------------------------
[ 2019-09-06T14:24:17+08:00 ] 127.0.0.1 GET fastadmin.test/index.php/admin/auth/group?addtabs=1
[ sql ] [ DB ] CONNECT:[ UseTime:0.000564s ] mysql:host=127.0.0.1;dbname=fastadmin;charset=utf8
[ sql ] [ SQL ] SHOW COLUMNS FROM `fa_auth_group_access` [ RunTime:0.000786s ]
[ sql ] [ SQL ] SELECT `aga`.`uid`,`aga`.`group_id`,`ag`.`id`,`ag`.`pid`,`ag`.`name`,`ag`.`rules` FROM `fa_auth_group_access` `aga` LEFT JOIN `fa_auth_group` `ag` ON `aga`.`group_id`=`ag`.`id` WHERE  (  aga.uid='1' and ag.status='normal' ) [ RunTime:0.000679s ]
[ sql ] [ SQL ] SHOW COLUMNS FROM `fa_auth_rule` [ RunTime:0.001072s ]
[ sql ] [ SQL ] SELECT `id`,`pid`,`condition`,`icon`,`name`,`title`,`ismenu` FROM `fa_auth_rule` WHERE  `status` = 'normal' [ RunTime:0.001581s ]
[ sql ] [ SQL ] SHOW COLUMNS FROM `fa_auth_group` [ RunTime:0.000898s ]
[ sql ] [ SQL ] SELECT * FROM `fa_auth_group` WHERE  `status` = 'normal' [ RunTime:0.000483s ]
[ sql ] [ SQL ] SELECT * FROM `fa_auth_group` WHERE  `id` IN (1,2,3,4,5) [ RunTime:0.000416s ]
[ sql ] [ SQL ] SELECT `title`,`remark` FROM `fa_auth_rule` WHERE  `name` = 'auth/group' LIMIT 1 [ RunTime:0.000464s ]
---------------------------------------------------------------
[ 2019-09-06T14:24:17+08:00 ] 127.0.0.1 GET fastadmin.test/index.php/admin/auth/group/index?sort=id&order=desc&_=1567751057718
[ sql ] [ DB ] CONNECT:[ UseTime:0.000607s ] mysql:host=127.0.0.1;dbname=fastadmin;charset=utf8
[ sql ] [ SQL ] SHOW COLUMNS FROM `fa_auth_group_access` [ RunTime:0.000825s ]
[ sql ] [ SQL ] SELECT `aga`.`uid`,`aga`.`group_id`,`ag`.`id`,`ag`.`pid`,`ag`.`name`,`ag`.`rules` FROM `fa_auth_group_access` `aga` LEFT JOIN `fa_auth_group` `ag` ON `aga`.`group_id`=`ag`.`id` WHERE  (  aga.uid='1' and ag.status='normal' ) [ RunTime:0.000545s ]
[ sql ] [ SQL ] SHOW COLUMNS FROM `fa_auth_rule` [ RunTime:0.000726s ]
[ sql ] [ SQL ] SELECT `id`,`pid`,`condition`,`icon`,`name`,`title`,`ismenu` FROM `fa_auth_rule` WHERE  `status` = 'normal' [ RunTime:0.001087s ]
[ sql ] [ SQL ] SHOW COLUMNS FROM `fa_auth_group` [ RunTime:0.000919s ]
[ sql ] [ SQL ] SELECT * FROM `fa_auth_group` WHERE  `status` = 'normal' [ RunTime:0.001681s ]
[ sql ] [ SQL ] SELECT * FROM `fa_auth_group` WHERE  `id` IN (1,2,3,4,5) [ RunTime:0.000599s ]
[ sql ] [ SQL ] SELECT * FROM `fa_auth_group` WHERE  `id` IN (1,2,3,5,4) [ RunTime:0.000730s ]
---------------------------------------------------------------
[ 2019-09-06T14:24:18+08:00 ] 127.0.0.1 GET fastadmin.test/index.php/admin/auth/rule?addtabs=1
[ sql ] [ DB ] CONNECT:[ UseTime:0.000541s ] mysql:host=127.0.0.1;dbname=fastadmin;charset=utf8
[ sql ] [ SQL ] SHOW COLUMNS FROM `fa_auth_group_access` [ RunTime:0.000728s ]
[ sql ] [ SQL ] SELECT `aga`.`uid`,`aga`.`group_id`,`ag`.`id`,`ag`.`pid`,`ag`.`name`,`ag`.`rules` FROM `fa_auth_group_access` `aga` LEFT JOIN `fa_auth_group` `ag` ON `aga`.`group_id`=`ag`.`id` WHERE  (  aga.uid='1' and ag.status='normal' ) [ RunTime:0.000484s ]
[ sql ] [ SQL ] SHOW COLUMNS FROM `fa_auth_rule` [ RunTime:0.000686s ]
[ sql ] [ SQL ] SELECT `id`,`pid`,`condition`,`icon`,`name`,`title`,`ismenu` FROM `fa_auth_rule` WHERE  `status` = 'normal' [ RunTime:0.001030s ]
[ sql ] [ SQL ] SELECT * FROM `fa_auth_rule` ORDER BY `weigh` DESC,`id` ASC [ RunTime:0.002975s ]
[ sql ] [ SQL ] SELECT `title`,`remark` FROM `fa_auth_rule` WHERE  `name` = 'auth/rule' LIMIT 1 [ RunTime:0.001422s ]
---------------------------------------------------------------
[ 2019-09-06T14:24:18+08:00 ] 127.0.0.1 GET fastadmin.test/index.php/admin/auth/rule/index?sort=weigh&order=desc&_=1567751058610
[ sql ] [ DB ] CONNECT:[ UseTime:0.000540s ] mysql:host=127.0.0.1;dbname=fastadmin;charset=utf8
[ sql ] [ SQL ] SHOW COLUMNS FROM `fa_auth_group_access` [ RunTime:0.000712s ]
[ sql ] [ SQL ] SELECT `aga`.`uid`,`aga`.`group_id`,`ag`.`id`,`ag`.`pid`,`ag`.`name`,`ag`.`rules` FROM `fa_auth_group_access` `aga` LEFT JOIN `fa_auth_group` `ag` ON `aga`.`group_id`=`ag`.`id` WHERE  (  aga.uid='1' and ag.status='normal' ) [ RunTime:0.000554s ]
[ sql ] [ SQL ] SHOW COLUMNS FROM `fa_auth_rule` [ RunTime:0.000660s ]
[ sql ] [ SQL ] SELECT `id`,`pid`,`condition`,`icon`,`name`,`title`,`ismenu` FROM `fa_auth_rule` WHERE  `status` = 'normal' [ RunTime:0.001020s ]
[ sql ] [ SQL ] SELECT * FROM `fa_auth_rule` ORDER BY `weigh` DESC,`id` ASC [ RunTime:0.001373s ]
---------------------------------------------------------------
[ 2019-09-06T14:24:58+08:00 ] 127.0.0.1 GET fastadmin.test/index.php/admin/general/database?addtabs=1
[ sql ] [ DB ] CONNECT:[ UseTime:0.000736s ] mysql:host=127.0.0.1;dbname=fastadmin;charset=utf8
[ sql ] [ SQL ] SHOW COLUMNS FROM `fa_auth_group_access` [ RunTime:0.000760s ]
[ sql ] [ SQL ] SELECT `aga`.`uid`,`aga`.`group_id`,`ag`.`id`,`ag`.`pid`,`ag`.`name`,`ag`.`rules` FROM `fa_auth_group_access` `aga` LEFT JOIN `fa_auth_group` `ag` ON `aga`.`group_id`=`ag`.`id` WHERE  (  aga.uid='1' and ag.status='normal' ) [ RunTime:0.000507s ]
[ sql ] [ SQL ] SHOW COLUMNS FROM `fa_auth_rule` [ RunTime:0.000779s ]
[ sql ] [ SQL ] SELECT `id`,`pid`,`condition`,`icon`,`name`,`title`,`ismenu` FROM `fa_auth_rule` WHERE  `status` = 'normal' [ RunTime:0.001286s ]
[ sql ] [ SQL ] SHOW TABLES [ RunTime:0.000953s ]
[ sql ] [ SQL ] SELECT `title`,`remark` FROM `fa_auth_rule` WHERE  `name` = 'general/database' LIMIT 1 [ RunTime:0.000537s ]
---------------------------------------------------------------
[ 2019-09-06T14:25:11+08:00 ] 127.0.0.1 POST fastadmin.test/index.php/admin/general.database/query
[ sql ] [ DB ] CONNECT:[ UseTime:0.000823s ] mysql:host=127.0.0.1;dbname=fastadmin;charset=utf8
[ sql ] [ SQL ] SHOW COLUMNS FROM `fa_auth_group_access` [ RunTime:0.000916s ]
[ sql ] [ SQL ] SELECT `aga`.`uid`,`aga`.`group_id`,`ag`.`id`,`ag`.`pid`,`ag`.`name`,`ag`.`rules` FROM `fa_auth_group_access` `aga` LEFT JOIN `fa_auth_group` `ag` ON `aga`.`group_id`=`ag`.`id` WHERE  (  aga.uid='1' and ag.status='normal' ) [ RunTime:0.000732s ]
[ sql ] [ SQL ] SHOW COLUMNS FROM `fa_auth_rule` [ RunTime:0.000901s ]
[ sql ] [ SQL ] SELECT `id`,`pid`,`condition`,`icon`,`name`,`title`,`ismenu` FROM `fa_auth_rule` WHERE  `status` = 'normal' [ RunTime:0.001687s ]
[ sql ] [ SQL ] OPTIMIZE TABLE `fa_user_token` [ RunTime:0.026238s ]
[ sql ] [ SQL ] SHOW COLUMNS FROM `fa_admin_log` [ RunTime:0.001122s ]
[ sql ] [ SQL ] INSERT INTO `fa_admin_log` (`title` , `content` , `url` , `admin_id` , `username` , `useragent` , `ip` , `createtime`) VALUES ('常规管理 数据库管理 查询' , '{\"do_action\":\"optimize\",\"tablename\":[\"fa_user_token\"],\"submit3\":\"\\u4f18\\u5316\\u8868\"}' , '/index.php/admin/general.database/query' , 1 , 'admin' , 'Mozilla/5.0 (Macintosh; Intel Mac OS X 10_14_6) AppleWebKit/537.36 (KHTML, like Gecko) Chrome/76.0.3809.100 Safari/537.36' , '127.0.0.1' , 1567751111) [ RunTime:0.000702s ]
---------------------------------------------------------------
[ 2019-09-06T14:25:15+08:00 ] 127.0.0.1 POST fastadmin.test/index.php/admin/general.database/query
[ sql ] [ DB ] CONNECT:[ UseTime:0.000889s ] mysql:host=127.0.0.1;dbname=fastadmin;charset=utf8
[ sql ] [ SQL ] SHOW COLUMNS FROM `fa_auth_group_access` [ RunTime:0.001374s ]
[ sql ] [ SQL ] SELECT `aga`.`uid`,`aga`.`group_id`,`ag`.`id`,`ag`.`pid`,`ag`.`name`,`ag`.`rules` FROM `fa_auth_group_access` `aga` LEFT JOIN `fa_auth_group` `ag` ON `aga`.`group_id`=`ag`.`id` WHERE  (  aga.uid='1' and ag.status='normal' ) [ RunTime:0.000796s ]
[ sql ] [ SQL ] SHOW COLUMNS FROM `fa_auth_rule` [ RunTime:0.000913s ]
[ sql ] [ SQL ] SELECT `id`,`pid`,`condition`,`icon`,`name`,`title`,`ismenu` FROM `fa_auth_rule` WHERE  `status` = 'normal' [ RunTime:0.002446s ]
[ sql ] [ SQL ] SHOW CREATE TABLE `fa_user_score_log` [ RunTime:0.000800s ]
[ sql ] [ SQL ] SHOW COLUMNS FROM `fa_admin_log` [ RunTime:0.001765s ]
[ sql ] [ SQL ] INSERT INTO `fa_admin_log` (`title` , `content` , `url` , `admin_id` , `username` , `useragent` , `ip` , `createtime`) VALUES ('常规管理 数据库管理 查询' , '{\"do_action\":\"viewinfo\",\"tablename\":[\"fa_user_score_log\"],\"submit1\":\"\\u67e5\\u770b\\u8868\\u7ed3\\u6784\"}' , '/index.php/admin/general.database/query' , 1 , 'admin' , 'Mozilla/5.0 (Macintosh; Intel Mac OS X 10_14_6) AppleWebKit/537.36 (KHTML, like Gecko) Chrome/76.0.3809.100 Safari/537.36' , '127.0.0.1' , 1567751115) [ RunTime:0.000844s ]
---------------------------------------------------------------
[ 2019-09-06T14:25:19+08:00 ] 127.0.0.1 POST fastadmin.test/index.php/admin/general.database/query
[ sql ] [ DB ] CONNECT:[ UseTime:0.000772s ] mysql:host=127.0.0.1;dbname=fastadmin;charset=utf8
[ sql ] [ SQL ] SHOW COLUMNS FROM `fa_auth_group_access` [ RunTime:0.000847s ]
[ sql ] [ SQL ] SELECT `aga`.`uid`,`aga`.`group_id`,`ag`.`id`,`ag`.`pid`,`ag`.`name`,`ag`.`rules` FROM `fa_auth_group_access` `aga` LEFT JOIN `fa_auth_group` `ag` ON `aga`.`group_id`=`ag`.`id` WHERE  (  aga.uid='1' and ag.status='normal' ) [ RunTime:0.000681s ]
[ sql ] [ SQL ] SHOW COLUMNS FROM `fa_auth_rule` [ RunTime:0.000876s ]
[ sql ] [ SQL ] SELECT `id`,`pid`,`condition`,`icon`,`name`,`title`,`ismenu` FROM `fa_auth_rule` WHERE  `status` = 'normal' [ RunTime:0.001177s ]
[ sql ] [ SQL ] SHOW CREATE TABLE `fa_user_score_log` [ RunTime:0.000334s ]
[ sql ] [ SQL ] SHOW COLUMNS FROM `fa_admin_log` [ RunTime:0.000688s ]
[ sql ] [ SQL ] INSERT INTO `fa_admin_log` (`title` , `content` , `url` , `admin_id` , `username` , `useragent` , `ip` , `createtime`) VALUES ('常规管理 数据库管理 查询' , '{\"do_action\":\"viewinfo\",\"tablename\":[\"fa_user_score_log\"],\"submit1\":\"\\u67e5\\u770b\\u8868\\u7ed3\\u6784\"}' , '/index.php/admin/general.database/query' , 1 , 'admin' , 'Mozilla/5.0 (Macintosh; Intel Mac OS X 10_14_6) AppleWebKit/537.36 (KHTML, like Gecko) Chrome/76.0.3809.100 Safari/537.36' , '127.0.0.1' , 1567751119) [ RunTime:0.000674s ]
---------------------------------------------------------------
[ 2019-09-06T14:25:21+08:00 ] 127.0.0.1 POST fastadmin.test/index.php/admin/general.database/query
[ sql ] [ DB ] CONNECT:[ UseTime:0.000997s ] mysql:host=127.0.0.1;dbname=fastadmin;charset=utf8
[ sql ] [ SQL ] SHOW COLUMNS FROM `fa_auth_group_access` [ RunTime:0.001079s ]
[ sql ] [ SQL ] SELECT `aga`.`uid`,`aga`.`group_id`,`ag`.`id`,`ag`.`pid`,`ag`.`name`,`ag`.`rules` FROM `fa_auth_group_access` `aga` LEFT JOIN `fa_auth_group` `ag` ON `aga`.`group_id`=`ag`.`id` WHERE  (  aga.uid='1' and ag.status='normal' ) [ RunTime:0.000882s ]
[ sql ] [ SQL ] SHOW COLUMNS FROM `fa_auth_rule` [ RunTime:0.000770s ]
[ sql ] [ SQL ] SELECT `id`,`pid`,`condition`,`icon`,`name`,`title`,`ismenu` FROM `fa_auth_rule` WHERE  `status` = 'normal' [ RunTime:0.001157s ]
[ sql ] [ SQL ] SELECT * FROM `fa_user_money_log` [ RunTime:0.000749s ]
[ sql ] [ SQL ] SHOW COLUMNS FROM `fa_admin_log` [ RunTime:0.001762s ]
[ sql ] [ SQL ] INSERT INTO `fa_admin_log` (`title` , `content` , `url` , `admin_id` , `username` , `useragent` , `ip` , `createtime`) VALUES ('常规管理 数据库管理 查询' , '{\"do_action\":\"viewdata\",\"tablename\":[\"fa_user_money_log\"],\"submit2\":\"\\u67e5\\u770b\\u8868\\u6570\\u636e\"}' , '/index.php/admin/general.database/query' , 1 , 'admin' , 'Mozilla/5.0 (Macintosh; Intel Mac OS X 10_14_6) AppleWebKit/537.36 (KHTML, like Gecko) Chrome/76.0.3809.100 Safari/537.36' , '127.0.0.1' , 1567751121) [ RunTime:0.000735s ]
---------------------------------------------------------------
[ 2019-09-06T14:25:26+08:00 ] 127.0.0.1 POST fastadmin.test/index.php/admin/general.database/query
[ sql ] [ DB ] CONNECT:[ UseTime:0.000561s ] mysql:host=127.0.0.1;dbname=fastadmin;charset=utf8
[ sql ] [ SQL ] SHOW COLUMNS FROM `fa_auth_group_access` [ RunTime:0.000776s ]
[ sql ] [ SQL ] SELECT `aga`.`uid`,`aga`.`group_id`,`ag`.`id`,`ag`.`pid`,`ag`.`name`,`ag`.`rules` FROM `fa_auth_group_access` `aga` LEFT JOIN `fa_auth_group` `ag` ON `aga`.`group_id`=`ag`.`id` WHERE  (  aga.uid='1' and ag.status='normal' ) [ RunTime:0.000541s ]
[ sql ] [ SQL ] SHOW COLUMNS FROM `fa_auth_rule` [ RunTime:0.000680s ]
[ sql ] [ SQL ] SELECT `id`,`pid`,`condition`,`icon`,`name`,`title`,`ismenu` FROM `fa_auth_rule` WHERE  `status` = 'normal' [ RunTime:0.001224s ]
[ sql ] [ SQL ] SHOW CREATE TABLE `fa_user` [ RunTime:0.000903s ]
[ sql ] [ SQL ] SHOW COLUMNS FROM `fa_admin_log` [ RunTime:0.001329s ]
[ sql ] [ SQL ] INSERT INTO `fa_admin_log` (`title` , `content` , `url` , `admin_id` , `username` , `useragent` , `ip` , `createtime`) VALUES ('常规管理 数据库管理 查询' , '{\"do_action\":\"viewinfo\",\"tablename\":[\"fa_user\"],\"submit1\":\"\\u67e5\\u770b\\u8868\\u7ed3\\u6784\"}' , '/index.php/admin/general.database/query' , 1 , 'admin' , 'Mozilla/5.0 (Macintosh; Intel Mac OS X 10_14_6) AppleWebKit/537.36 (KHTML, like Gecko) Chrome/76.0.3809.100 Safari/537.36' , '127.0.0.1' , 1567751126) [ RunTime:0.001285s ]
---------------------------------------------------------------
[ 2019-09-06T14:25:28+08:00 ] 127.0.0.1 POST fastadmin.test/index.php/admin/general.database/query
[ sql ] [ DB ] CONNECT:[ UseTime:0.000947s ] mysql:host=127.0.0.1;dbname=fastadmin;charset=utf8
[ sql ] [ SQL ] SHOW COLUMNS FROM `fa_auth_group_access` [ RunTime:0.001187s ]
[ sql ] [ SQL ] SELECT `aga`.`uid`,`aga`.`group_id`,`ag`.`id`,`ag`.`pid`,`ag`.`name`,`ag`.`rules` FROM `fa_auth_group_access` `aga` LEFT JOIN `fa_auth_group` `ag` ON `aga`.`group_id`=`ag`.`id` WHERE  (  aga.uid='1' and ag.status='normal' ) [ RunTime:0.000940s ]
[ sql ] [ SQL ] SHOW COLUMNS FROM `fa_auth_rule` [ RunTime:0.000951s ]
[ sql ] [ SQL ] SELECT `id`,`pid`,`condition`,`icon`,`name`,`title`,`ismenu` FROM `fa_auth_rule` WHERE  `status` = 'normal' [ RunTime:0.001281s ]
[ sql ] [ SQL ] SELECT * FROM `fa_user` [ RunTime:0.000725s ]
[ sql ] [ SQL ] SELECT * FROM `fa_user` [ RunTime:0.000437s ]
[ sql ] [ SQL ] SHOW COLUMNS FROM `fa_admin_log` [ RunTime:0.001006s ]
[ sql ] [ SQL ] INSERT INTO `fa_admin_log` (`title` , `content` , `url` , `admin_id` , `username` , `useragent` , `ip` , `createtime`) VALUES ('常规管理 数据库管理 查询' , '{\"do_action\":\"viewdata\",\"tablename\":[\"fa_user\"],\"submit2\":\"\\u67e5\\u770b\\u8868\\u6570\\u636e\"}' , '/index.php/admin/general.database/query' , 1 , 'admin' , 'Mozilla/5.0 (Macintosh; Intel Mac OS X 10_14_6) AppleWebKit/537.36 (KHTML, like Gecko) Chrome/76.0.3809.100 Safari/537.36' , '127.0.0.1' , 1567751128) [ RunTime:0.000778s ]
---------------------------------------------------------------
[ 2019-09-06T14:27:09+08:00 ] 127.0.0.1 GET fastadmin.test/index.php/admin/command?addtabs=1
[ sql ] [ DB ] CONNECT:[ UseTime:0.000748s ] mysql:host=127.0.0.1;dbname=fastadmin;charset=utf8
[ sql ] [ SQL ] SHOW COLUMNS FROM `fa_auth_group_access` [ RunTime:0.001448s ]
[ sql ] [ SQL ] SELECT `aga`.`uid`,`aga`.`group_id`,`ag`.`id`,`ag`.`pid`,`ag`.`name`,`ag`.`rules` FROM `fa_auth_group_access` `aga` LEFT JOIN `fa_auth_group` `ag` ON `aga`.`group_id`=`ag`.`id` WHERE  (  aga.uid='1' and ag.status='normal' ) [ RunTime:0.001018s ]
[ sql ] [ SQL ] SHOW COLUMNS FROM `fa_auth_rule` [ RunTime:0.001180s ]
[ sql ] [ SQL ] SELECT `id`,`pid`,`condition`,`icon`,`name`,`title`,`ismenu` FROM `fa_auth_rule` WHERE  `status` = 'normal' [ RunTime:0.003615s ]
[ sql ] [ SQL ] SELECT `title`,`remark` FROM `fa_auth_rule` WHERE  `name` = 'command' LIMIT 1 [ RunTime:0.000600s ]
---------------------------------------------------------------
[ 2019-09-06T14:27:09+08:00 ] 127.0.0.1 GET fastadmin.test/index.php/admin/command/index?sort=id&order=desc&offset=0&limit=10&filter=%7B%7D&op=%7B%7D&_=1567751229527
[ sql ] [ DB ] CONNECT:[ UseTime:0.000550s ] mysql:host=127.0.0.1;dbname=fastadmin;charset=utf8
[ sql ] [ SQL ] SHOW COLUMNS FROM `fa_auth_group_access` [ RunTime:0.000628s ]
[ sql ] [ SQL ] SELECT `aga`.`uid`,`aga`.`group_id`,`ag`.`id`,`ag`.`pid`,`ag`.`name`,`ag`.`rules` FROM `fa_auth_group_access` `aga` LEFT JOIN `fa_auth_group` `ag` ON `aga`.`group_id`=`ag`.`id` WHERE  (  aga.uid='1' and ag.status='normal' ) [ RunTime:0.001777s ]
[ sql ] [ SQL ] SHOW COLUMNS FROM `fa_auth_rule` [ RunTime:0.001081s ]
[ sql ] [ SQL ] SELECT `id`,`pid`,`condition`,`icon`,`name`,`title`,`ismenu` FROM `fa_auth_rule` WHERE  `status` = 'normal' [ RunTime:0.001529s ]
[ sql ] [ SQL ] SHOW COLUMNS FROM `fa_command` [ RunTime:0.000893s ]
[ sql ] [ SQL ] SELECT COUNT(*) AS tp_count FROM `fa_command` ORDER BY `id` DESC LIMIT 1 [ RunTime:0.000354s ]
[ sql ] [ SQL ] SELECT * FROM `fa_command` ORDER BY `id` DESC LIMIT 0,10 [ RunTime:0.000368s ]
---------------------------------------------------------------
[ 2019-09-06T14:27:11+08:00 ] 127.0.0.1 GET fastadmin.test/index.php/admin/command/add?dialog=1
[ sql ] [ DB ] CONNECT:[ UseTime:0.000867s ] mysql:host=127.0.0.1;dbname=fastadmin;charset=utf8
[ sql ] [ SQL ] SHOW COLUMNS FROM `fa_auth_group_access` [ RunTime:0.000798s ]
[ sql ] [ SQL ] SELECT `aga`.`uid`,`aga`.`group_id`,`ag`.`id`,`ag`.`pid`,`ag`.`name`,`ag`.`rules` FROM `fa_auth_group_access` `aga` LEFT JOIN `fa_auth_group` `ag` ON `aga`.`group_id`=`ag`.`id` WHERE  (  aga.uid='1' and ag.status='normal' ) [ RunTime:0.000683s ]
[ sql ] [ SQL ] SHOW COLUMNS FROM `fa_auth_rule` [ RunTime:0.001092s ]
[ sql ] [ SQL ] SELECT `id`,`pid`,`condition`,`icon`,`name`,`title`,`ismenu` FROM `fa_auth_rule` WHERE  `status` = 'normal' [ RunTime:0.001672s ]
[ sql ] [ SQL ] SHOW TABLES [ RunTime:0.001012s ]
---------------------------------------------------------------
[ 2019-09-06T14:27:11+08:00 ] 127.0.0.1 POST fastadmin.test/index.php/admin/command/get_field_list
[ sql ] [ DB ] CONNECT:[ UseTime:0.001027s ] mysql:host=127.0.0.1;dbname=fastadmin;charset=utf8
[ sql ] [ SQL ] SELECT * FROM `information_schema`.`columns` WHERE TABLE_SCHEMA = 'fastadmin' AND table_name = 'fa_admin' ORDER BY ORDINAL_POSITION [ RunTime:0.002038s ]
[ sql ] [ SQL ] 'fa_admin'fastadmin'HOW COLUMNS FROM `fa_admin_log` [ RunTime:0.001294s ]
[ sql ] [ SQL ] INSERT INTO `fa_admin_log` (`title` , `content` , `url` , `admin_id` , `username` , `useragent` , `ip` , `createtime`) VALUES ('' , '{\"table\":\"fa_admin\"}' , '/index.php/admin/command/get_field_list' , 1 , 'admin' , 'Mozilla/5.0 (Macintosh; Intel Mac OS X 10_14_6) AppleWebKit/537.36 (KHTML, like Gecko) Chrome/76.0.3809.100 Safari/537.36' , '127.0.0.1' , 1567751231) [ RunTime:0.000934s ]
---------------------------------------------------------------
[ 2019-09-06T14:27:51+08:00 ] 127.0.0.1 GET fastadmin.test/index.php/admin/category?addtabs=1
[ sql ] [ DB ] CONNECT:[ UseTime:0.000569s ] mysql:host=127.0.0.1;dbname=fastadmin;charset=utf8
[ sql ] [ SQL ] SHOW COLUMNS FROM `fa_auth_group_access` [ RunTime:0.000758s ]
[ sql ] [ SQL ] SELECT `aga`.`uid`,`aga`.`group_id`,`ag`.`id`,`ag`.`pid`,`ag`.`name`,`ag`.`rules` FROM `fa_auth_group_access` `aga` LEFT JOIN `fa_auth_group` `ag` ON `aga`.`group_id`=`ag`.`id` WHERE  (  aga.uid='1' and ag.status='normal' ) [ RunTime:0.000864s ]
[ sql ] [ SQL ] SHOW COLUMNS FROM `fa_auth_rule` [ RunTime:0.001002s ]
[ sql ] [ SQL ] SELECT `id`,`pid`,`condition`,`icon`,`name`,`title`,`ismenu` FROM `fa_auth_rule` WHERE  `status` = 'normal' [ RunTime:0.001447s ]
[ sql ] [ SQL ] SHOW COLUMNS FROM `fa_category` [ RunTime:0.001337s ]
[ sql ] [ SQL ] SELECT * FROM `fa_category` ORDER BY `weigh` DESC,`id` DESC [ RunTime:0.032607s ]
[ sql ] [ SQL ] SELECT `title`,`remark` FROM `fa_auth_rule` WHERE  `name` = 'category' LIMIT 1 [ RunTime:0.000513s ]
---------------------------------------------------------------
[ 2019-09-06T14:27:51+08:00 ] 127.0.0.1 GET fastadmin.test/index.php/admin/category/index?sort=weigh&order=desc&_=1567751271606
[ sql ] [ DB ] CONNECT:[ UseTime:0.000521s ] mysql:host=127.0.0.1;dbname=fastadmin;charset=utf8
[ sql ] [ SQL ] SHOW COLUMNS FROM `fa_auth_group_access` [ RunTime:0.025702s ]
[ sql ] [ SQL ] SELECT `aga`.`uid`,`aga`.`group_id`,`ag`.`id`,`ag`.`pid`,`ag`.`name`,`ag`.`rules` FROM `fa_auth_group_access` `aga` LEFT JOIN `fa_auth_group` `ag` ON `aga`.`group_id`=`ag`.`id` WHERE  (  aga.uid='1' and ag.status='normal' ) [ RunTime:0.001339s ]
[ sql ] [ SQL ] SHOW COLUMNS FROM `fa_auth_rule` [ RunTime:0.003664s ]
[ sql ] [ SQL ] SELECT `id`,`pid`,`condition`,`icon`,`name`,`title`,`ismenu` FROM `fa_auth_rule` WHERE  `status` = 'normal' [ RunTime:0.002101s ]
[ sql ] [ SQL ] SHOW COLUMNS FROM `fa_category` [ RunTime:0.001219s ]
[ sql ] [ SQL ] SELECT * FROM `fa_category` ORDER BY `weigh` DESC,`id` DESC [ RunTime:0.000780s ]
---------------------------------------------------------------
[ 2019-09-06T14:28:22+08:00 ] 127.0.0.1 GET fastadmin.test/index.php/admin/category/index?sort=weigh&order=desc&type=default&_=1567751271607
[ sql ] [ DB ] CONNECT:[ UseTime:0.000656s ] mysql:host=127.0.0.1;dbname=fastadmin;charset=utf8
[ sql ] [ SQL ] SHOW COLUMNS FROM `fa_auth_group_access` [ RunTime:0.001060s ]
[ sql ] [ SQL ] SELECT `aga`.`uid`,`aga`.`group_id`,`ag`.`id`,`ag`.`pid`,`ag`.`name`,`ag`.`rules` FROM `fa_auth_group_access` `aga` LEFT JOIN `fa_auth_group` `ag` ON `aga`.`group_id`=`ag`.`id` WHERE  (  aga.uid='1' and ag.status='normal' ) [ RunTime:0.000704s ]
[ sql ] [ SQL ] SHOW COLUMNS FROM `fa_auth_rule` [ RunTime:0.001131s ]
[ sql ] [ SQL ] SELECT `id`,`pid`,`condition`,`icon`,`name`,`title`,`ismenu` FROM `fa_auth_rule` WHERE  `status` = 'normal' [ RunTime:0.001520s ]
[ sql ] [ SQL ] SHOW COLUMNS FROM `fa_category` [ RunTime:0.000923s ]
[ sql ] [ SQL ] SELECT * FROM `fa_category` ORDER BY `weigh` DESC,`id` DESC [ RunTime:0.000760s ]
---------------------------------------------------------------
[ 2019-09-06T14:28:23+08:00 ] 127.0.0.1 GET fastadmin.test/index.php/admin/category/index?sort=weigh&order=desc&type=page&_=1567751271608
[ sql ] [ DB ] CONNECT:[ UseTime:0.000549s ] mysql:host=127.0.0.1;dbname=fastadmin;charset=utf8
[ sql ] [ SQL ] SHOW COLUMNS FROM `fa_auth_group_access` [ RunTime:0.000730s ]
[ sql ] [ SQL ] SELECT `aga`.`uid`,`aga`.`group_id`,`ag`.`id`,`ag`.`pid`,`ag`.`name`,`ag`.`rules` FROM `fa_auth_group_access` `aga` LEFT JOIN `fa_auth_group` `ag` ON `aga`.`group_id`=`ag`.`id` WHERE  (  aga.uid='1' and ag.status='normal' ) [ RunTime:0.000554s ]
[ sql ] [ SQL ] SHOW COLUMNS FROM `fa_auth_rule` [ RunTime:0.001440s ]
[ sql ] [ SQL ] SELECT `id`,`pid`,`condition`,`icon`,`name`,`title`,`ismenu` FROM `fa_auth_rule` WHERE  `status` = 'normal' [ RunTime:0.002407s ]
[ sql ] [ SQL ] SHOW COLUMNS FROM `fa_category` [ RunTime:0.001075s ]
[ sql ] [ SQL ] SELECT * FROM `fa_category` ORDER BY `weigh` DESC,`id` DESC [ RunTime:0.001090s ]
---------------------------------------------------------------
[ 2019-09-06T14:28:45+08:00 ] 127.0.0.1 POST fastadmin.test/index.php/admin/addon/install
[ sql ] [ DB ] CONNECT:[ UseTime:0.000603s ] mysql:host=127.0.0.1;dbname=fastadmin;charset=utf8
[ sql ] [ SQL ] SHOW COLUMNS FROM `fa_auth_group_access` [ RunTime:0.000960s ]
[ sql ] [ SQL ] SELECT `aga`.`uid`,`aga`.`group_id`,`ag`.`id`,`ag`.`pid`,`ag`.`name`,`ag`.`rules` FROM `fa_auth_group_access` `aga` LEFT JOIN `fa_auth_group` `ag` ON `aga`.`group_id`=`ag`.`id` WHERE  (  aga.uid='1' and ag.status='normal' ) [ RunTime:0.000718s ]
[ sql ] [ SQL ] SHOW COLUMNS FROM `fa_auth_rule` [ RunTime:0.001173s ]
[ sql ] [ SQL ] SELECT `id`,`pid`,`condition`,`icon`,`name`,`title`,`ismenu` FROM `fa_auth_rule` WHERE  `status` = 'normal' [ RunTime:0.001333s ]
[ sql ] [ SQL ] SHOW COLUMNS FROM `fa_admin_log` [ RunTime:0.027232s ]
[ sql ] [ SQL ] INSERT INTO `fa_admin_log` (`title` , `content` , `url` , `admin_id` , `username` , `useragent` , `ip` , `createtime`) VALUES ('插件管理 安装' , '{\"name\":\"third\",\"force\":\"0\",\"uid\":\"0\",\"token\":\"\",\"version\":\"1.0.6\",\"faversion\":\"1.0.0.20190705_beta\"}' , '/index.php/admin/addon/install' , 1 , 'admin' , 'Mozilla/5.0 (Macintosh; Intel Mac OS X 10_14_6) AppleWebKit/537.36 (KHTML, like Gecko) Chrome/76.0.3809.100 Safari/537.36' , '127.0.0.1' , 1567751325) [ RunTime:0.001025s ]
---------------------------------------------------------------
[ 2019-09-06T14:28:45+08:00 ] 127.0.0.1 POST fastadmin.test/index.php/admin/index/index
[ sql ] [ DB ] CONNECT:[ UseTime:0.000576s ] mysql:host=127.0.0.1;dbname=fastadmin;charset=utf8
[ sql ] [ SQL ] SHOW COLUMNS FROM `fa_auth_group_access` [ RunTime:0.000681s ]
[ sql ] [ SQL ] SELECT `aga`.`uid`,`aga`.`group_id`,`ag`.`id`,`ag`.`pid`,`ag`.`name`,`ag`.`rules` FROM `fa_auth_group_access` `aga` LEFT JOIN `fa_auth_group` `ag` ON `aga`.`group_id`=`ag`.`id` WHERE  (  aga.uid='1' and ag.status='normal' ) [ RunTime:0.000497s ]
[ sql ] [ SQL ] SHOW COLUMNS FROM `fa_auth_rule` [ RunTime:0.001135s ]
[ sql ] [ SQL ] SELECT `id`,`pid`,`condition`,`icon`,`name`,`title`,`ismenu` FROM `fa_auth_rule` WHERE  `status` = 'normal' [ RunTime:0.001484s ]
[ sql ] [ SQL ] SELECT `name`,`pid` FROM `fa_auth_rule` WHERE  `status` = 'normal'  AND `ismenu` = 0  AND `name` LIKE '%/index' [ RunTime:0.000644s ]
[ sql ] [ SQL ] SHOW COLUMNS FROM `fa_admin_log` [ RunTime:0.000832s ]
[ sql ] [ SQL ] INSERT INTO `fa_admin_log` (`title` , `content` , `url` , `admin_id` , `username` , `useragent` , `ip` , `createtime`) VALUES ('' , '{\"action\":\"refreshmenu\"}' , '/index.php/admin/index/index' , 1 , 'admin' , 'Mozilla/5.0 (Macintosh; Intel Mac OS X 10_14_6) AppleWebKit/537.36 (KHTML, like Gecko) Chrome/76.0.3809.100 Safari/537.36' , '127.0.0.1' , 1567751325) [ RunTime:0.000774s ]
---------------------------------------------------------------
[ 2019-09-06T14:28:52+08:00 ] 127.0.0.1 POST fastadmin.test/index.php/admin/addon/install
[ sql ] [ DB ] CONNECT:[ UseTime:0.001010s ] mysql:host=127.0.0.1;dbname=fastadmin;charset=utf8
[ sql ] [ SQL ] SHOW COLUMNS FROM `fa_auth_group_access` [ RunTime:0.003341s ]
[ sql ] [ SQL ] SELECT `aga`.`uid`,`aga`.`group_id`,`ag`.`id`,`ag`.`pid`,`ag`.`name`,`ag`.`rules` FROM `fa_auth_group_access` `aga` LEFT JOIN `fa_auth_group` `ag` ON `aga`.`group_id`=`ag`.`id` WHERE  (  aga.uid='1' and ag.status='normal' ) [ RunTime:0.000732s ]
[ sql ] [ SQL ] SHOW COLUMNS FROM `fa_auth_rule` [ RunTime:0.001026s ]
[ sql ] [ SQL ] SELECT `id`,`pid`,`condition`,`icon`,`name`,`title`,`ismenu` FROM `fa_auth_rule` WHERE  `status` = 'normal' [ RunTime:0.001597s ]
[ sql ] [ SQL ] SHOW COLUMNS FROM `fa_admin_log` [ RunTime:0.001577s ]
[ sql ] [ SQL ] INSERT INTO `fa_admin_log` (`title` , `content` , `url` , `admin_id` , `username` , `useragent` , `ip` , `createtime`) VALUES ('插件管理 安装' , '{\"name\":\"epay\",\"force\":\"0\",\"uid\":\"0\",\"token\":\"\",\"version\":\"1.0.5\",\"faversion\":\"1.0.0.20190705_beta\"}' , '/index.php/admin/addon/install' , 1 , 'admin' , 'Mozilla/5.0 (Macintosh; Intel Mac OS X 10_14_6) AppleWebKit/537.36 (KHTML, like Gecko) Chrome/76.0.3809.100 Safari/537.36' , '127.0.0.1' , 1567751332) [ RunTime:0.001164s ]
---------------------------------------------------------------
[ 2019-09-06T14:28:53+08:00 ] 127.0.0.1 POST fastadmin.test/index.php/admin/index/index
[ sql ] [ DB ] CONNECT:[ UseTime:0.000679s ] mysql:host=127.0.0.1;dbname=fastadmin;charset=utf8
[ sql ] [ SQL ] SHOW COLUMNS FROM `fa_auth_group_access` [ RunTime:0.001003s ]
[ sql ] [ SQL ] SELECT `aga`.`uid`,`aga`.`group_id`,`ag`.`id`,`ag`.`pid`,`ag`.`name`,`ag`.`rules` FROM `fa_auth_group_access` `aga` LEFT JOIN `fa_auth_group` `ag` ON `aga`.`group_id`=`ag`.`id` WHERE  (  aga.uid='1' and ag.status='normal' ) [ RunTime:0.002335s ]
[ sql ] [ SQL ] SHOW COLUMNS FROM `fa_auth_rule` [ RunTime:0.001068s ]
[ sql ] [ SQL ] SELECT `id`,`pid`,`condition`,`icon`,`name`,`title`,`ismenu` FROM `fa_auth_rule` WHERE  `status` = 'normal' [ RunTime:0.001388s ]
[ sql ] [ SQL ] SELECT `name`,`pid` FROM `fa_auth_rule` WHERE  `status` = 'normal'  AND `ismenu` = 0  AND `name` LIKE '%/index' [ RunTime:0.003218s ]
[ sql ] [ SQL ] SHOW COLUMNS FROM `fa_admin_log` [ RunTime:0.002030s ]
[ sql ] [ SQL ] INSERT INTO `fa_admin_log` (`title` , `content` , `url` , `admin_id` , `username` , `useragent` , `ip` , `createtime`) VALUES ('' , '{\"action\":\"refreshmenu\"}' , '/index.php/admin/index/index' , 1 , 'admin' , 'Mozilla/5.0 (Macintosh; Intel Mac OS X 10_14_6) AppleWebKit/537.36 (KHTML, like Gecko) Chrome/76.0.3809.100 Safari/537.36' , '127.0.0.1' , 1567751333) [ RunTime:0.001046s ]
---------------------------------------------------------------
[ 2019-09-06T14:29:48+08:00 ] 127.0.0.1 POST fastadmin.test/index.php/admin/addon/install
[ sql ] [ DB ] CONNECT:[ UseTime:0.000596s ] mysql:host=127.0.0.1;dbname=fastadmin;charset=utf8
[ sql ] [ SQL ] SHOW COLUMNS FROM `fa_auth_group_access` [ RunTime:0.001150s ]
[ sql ] [ SQL ] SELECT `aga`.`uid`,`aga`.`group_id`,`ag`.`id`,`ag`.`pid`,`ag`.`name`,`ag`.`rules` FROM `fa_auth_group_access` `aga` LEFT JOIN `fa_auth_group` `ag` ON `aga`.`group_id`=`ag`.`id` WHERE  (  aga.uid='1' and ag.status='normal' ) [ RunTime:0.000628s ]
[ sql ] [ SQL ] SHOW COLUMNS FROM `fa_auth_rule` [ RunTime:0.000703s ]
[ sql ] [ SQL ] SELECT `id`,`pid`,`condition`,`icon`,`name`,`title`,`ismenu` FROM `fa_auth_rule` WHERE  `status` = 'normal' [ RunTime:0.001086s ]
[ sql ] [ SQL ] SELECT * FROM `fa_auth_rule` WHERE  `name` = 'general' LIMIT 1 [ RunTime:0.001058s ]
[ sql ] [ SQL ] INSERT INTO `fa_auth_rule` (`name` , `title` , `ismenu` , `icon` , `pid` , `status` , `createtime` , `updatetime`) VALUES ('general/logs' , '日志管理' , 1 , 'fa fa-pied-piper-alt' , 2 , 'normal' , 1567751388 , 1567751388) [ RunTime:0.000820s ]
[ sql ] [ SQL ] INSERT INTO `fa_auth_rule` (`name` , `title` , `ismenu` , `icon` , `pid` , `status` , `createtime` , `updatetime`) VALUES ('general/logs/index' , '查看' , 0 , 'fa fa-circle-o' , 168 , 'normal' , 1567751388 , 1567751388) [ RunTime:0.000870s ]
[ sql ] [ SQL ] INSERT INTO `fa_auth_rule` (`name` , `title` , `ismenu` , `icon` , `pid` , `status` , `createtime` , `updatetime`) VALUES ('general/logs/del' , '删除' , 0 , 'fa fa-circle-o' , 168 , 'normal' , 1567751388 , 1567751388) [ RunTime:0.000873s ]
[ sql ] [ SQL ] INSERT INTO `fa_auth_rule` (`name` , `title` , `ismenu` , `icon` , `pid` , `status` , `createtime` , `updatetime`) VALUES ('general/logs/detail' , '详情' , 0 , 'fa fa-circle-o' , 168 , 'normal' , 1567751388 , 1567751388) [ RunTime:0.000986s ]
[ sql ] [ SQL ] SHOW COLUMNS FROM `fa_admin_log` [ RunTime:0.001566s ]
[ sql ] [ SQL ] INSERT INTO `fa_admin_log` (`title` , `content` , `url` , `admin_id` , `username` , `useragent` , `ip` , `createtime`) VALUES ('插件管理 安装' , '{\"name\":\"log\",\"force\":\"0\",\"uid\":\"0\",\"token\":\"\",\"version\":\"1.0.3\",\"faversion\":\"1.0.0.20190705_beta\"}' , '/index.php/admin/addon/install' , 1 , 'admin' , 'Mozilla/5.0 (Macintosh; Intel Mac OS X 10_14_6) AppleWebKit/537.36 (KHTML, like Gecko) Chrome/76.0.3809.100 Safari/537.36' , '127.0.0.1' , 1567751388) [ RunTime:0.001190s ]
---------------------------------------------------------------
[ 2019-09-06T14:29:48+08:00 ] 127.0.0.1 POST fastadmin.test/index.php/admin/index/index
[ sql ] [ DB ] CONNECT:[ UseTime:0.000571s ] mysql:host=127.0.0.1;dbname=fastadmin;charset=utf8
[ sql ] [ SQL ] SHOW COLUMNS FROM `fa_auth_group_access` [ RunTime:0.000683s ]
[ sql ] [ SQL ] SELECT `aga`.`uid`,`aga`.`group_id`,`ag`.`id`,`ag`.`pid`,`ag`.`name`,`ag`.`rules` FROM `fa_auth_group_access` `aga` LEFT JOIN `fa_auth_group` `ag` ON `aga`.`group_id`=`ag`.`id` WHERE  (  aga.uid='1' and ag.status='normal' ) [ RunTime:0.000546s ]
[ sql ] [ SQL ] SHOW COLUMNS FROM `fa_auth_rule` [ RunTime:0.000755s ]
[ sql ] [ SQL ] SELECT `id`,`pid`,`condition`,`icon`,`name`,`title`,`ismenu` FROM `fa_auth_rule` WHERE  `status` = 'normal' [ RunTime:0.001389s ]
[ sql ] [ SQL ] SELECT * FROM `fa_auth_rule` WHERE  `status` = 'normal'  AND `ismenu` = 1 ORDER BY `weigh` DESC [ RunTime:0.001423s ]
[ sql ] [ SQL ] SELECT `name`,`pid` FROM `fa_auth_rule` WHERE  `status` = 'normal'  AND `ismenu` = 0  AND `name` LIKE '%/index' [ RunTime:0.000764s ]
[ sql ] [ SQL ] SHOW COLUMNS FROM `fa_admin_log` [ RunTime:0.000681s ]
[ sql ] [ SQL ] INSERT INTO `fa_admin_log` (`title` , `content` , `url` , `admin_id` , `username` , `useragent` , `ip` , `createtime`) VALUES ('' , '{\"action\":\"refreshmenu\"}' , '/index.php/admin/index/index' , 1 , 'admin' , 'Mozilla/5.0 (Macintosh; Intel Mac OS X 10_14_6) AppleWebKit/537.36 (KHTML, like Gecko) Chrome/76.0.3809.100 Safari/537.36' , '127.0.0.1' , 1567751388) [ RunTime:0.000836s ]
---------------------------------------------------------------
[ 2019-09-06T14:29:54+08:00 ] 127.0.0.1 GET fastadmin.test/index.php/admin/general/logs?addtabs=1
[ sql ] [ DB ] CONNECT:[ UseTime:0.000743s ] mysql:host=127.0.0.1;dbname=fastadmin;charset=utf8
[ sql ] [ SQL ] SHOW COLUMNS FROM `fa_auth_group_access` [ RunTime:0.001645s ]
[ sql ] [ SQL ] SELECT `aga`.`uid`,`aga`.`group_id`,`ag`.`id`,`ag`.`pid`,`ag`.`name`,`ag`.`rules` FROM `fa_auth_group_access` `aga` LEFT JOIN `fa_auth_group` `ag` ON `aga`.`group_id`=`ag`.`id` WHERE  (  aga.uid='1' and ag.status='normal' ) [ RunTime:0.001089s ]
[ sql ] [ SQL ] SHOW COLUMNS FROM `fa_auth_rule` [ RunTime:0.001442s ]
[ sql ] [ SQL ] SELECT `id`,`pid`,`condition`,`icon`,`name`,`title`,`ismenu` FROM `fa_auth_rule` WHERE  `status` = 'normal' [ RunTime:0.001595s ]
---------------------------------------------------------------
[ 2019-09-06T14:29:54+08:00 ] 127.0.0.1 GET fastadmin.test/index.php/admin/general/logs/index?file_paths=/201909/06.log&sort=id&order=desc&filter=%7B%7D&op=%7B%7D&_=1567751394180
[ sql ] [ DB ] CONNECT:[ UseTime:0.002309s ] mysql:host=127.0.0.1;dbname=fastadmin;charset=utf8
[ sql ] [ SQL ] SHOW COLUMNS FROM `fa_auth_group_access` [ RunTime:0.007316s ]
[ sql ] [ SQL ] SELECT `aga`.`uid`,`aga`.`group_id`,`ag`.`id`,`ag`.`pid`,`ag`.`name`,`ag`.`rules` FROM `fa_auth_group_access` `aga` LEFT JOIN `fa_auth_group` `ag` ON `aga`.`group_id`=`ag`.`id` WHERE  (  aga.uid='1' and ag.status='normal' ) [ RunTime:0.000926s ]
[ sql ] [ SQL ] SHOW COLUMNS FROM `fa_auth_rule` [ RunTime:0.001926s ]
[ sql ] [ SQL ] SELECT `id`,`pid`,`condition`,`icon`,`name`,`title`,`ismenu` FROM `fa_auth_rule` WHERE  `status` = 'normal' [ RunTime:0.003305s ]
